[0.636s] Invoking command in '/home/trsa2024/ros2_lab2/build/sam_bot_description': CMAKE_PREFIX_PATH=${CMAKE_PREFIX_PATH}:/home/trsa2024/ros2_lab2/install/robot_control:/home/trsa2024/ros2_lab2/install/my_robot_control:/home/trsa2024/ros2_lab2/install/camera_pack:/home/trsa2024/ros2_lab1/install/trsa_lab1:/opt/ros/humble /usr/bin/cmake --build /home/trsa2024/ros2_lab2/build/sam_bot_description -- -j4 -l4
[0.713s] Invoked command in '/home/trsa2024/ros2_lab2/build/sam_bot_description' returned '0': CMAKE_PREFIX_PATH=${CMAKE_PREFIX_PATH}:/home/trsa2024/ros2_lab2/install/robot_control:/home/trsa2024/ros2_lab2/install/my_robot_control:/home/trsa2024/ros2_lab2/install/camera_pack:/home/trsa2024/ros2_lab1/install/trsa_lab1:/opt/ros/humble /usr/bin/cmake --build /home/trsa2024/ros2_lab2/build/sam_bot_description -- -j4 -l4
[0.773s] Invoking command in '/home/trsa2024/ros2_lab2/build/sam_bot_description': CMAKE_PREFIX_PATH=${CMAKE_PREFIX_PATH}:/home/trsa2024/ros2_lab2/install/robot_control:/home/trsa2024/ros2_lab2/install/my_robot_control:/home/trsa2024/ros2_lab2/install/camera_pack:/home/trsa2024/ros2_lab1/install/trsa_lab1:/opt/ros/humble /usr/bin/cmake --install /home/trsa2024/ros2_lab2/build/sam_bot_description
[0.801s] -- Install configuration: ""
[0.802s] -- Execute custom install script
[0.802s] -- Up-to-date symlink: /home/trsa2024/ros2_lab2/install/sam_bot_description/share/sam_bot_description/src/description/sam_bot_description.urdf
[0.804s] -- Up-to-date symlink: /home/trsa2024/ros2_lab2/install/sam_bot_description/share/sam_bot_description/src/object_detection.py
[0.805s] -- Up-to-date symlink: /home/trsa2024/ros2_lab2/install/sam_bot_description/share/sam_bot_description/launch/__pycache__/nav2_navigation_launch.cpython-310.pyc
[0.805s] -- Up-to-date symlink: /home/trsa2024/ros2_lab2/install/sam_bot_description/share/sam_bot_description/launch/__pycache__/teleop_launch.cpython-310.pyc
[0.806s] -- Up-to-date symlink: /home/trsa2024/ros2_lab2/install/sam_bot_description/share/sam_bot_description/launch/autonomous_navigation_launch.py
[0.806s] -- Up-to-date symlink: /home/trsa2024/ros2_lab2/install/sam_bot_description/share/sam_bot_description/launch/display.launch.py
[0.809s] -- Up-to-date symlink: /home/trsa2024/ros2_lab2/install/sam_bot_description/share/sam_bot_description/rviz/urdf_config.rviz
[0.809s] -- Up-to-date symlink: /home/trsa2024/ros2_lab2/install/sam_bot_description/share/sam_bot_description/config/ekf.yaml
[0.810s] -- Up-to-date symlink: /home/trsa2024/ros2_lab2/install/sam_bot_description/share/sam_bot_description/config/nav2_params.yaml
[0.810s] -- Up-to-date symlink: /home/trsa2024/ros2_lab2/install/sam_bot_description/share/sam_bot_description/world/trsa_two_rooms.world
[0.811s] -- Up-to-date symlink: /home/trsa2024/ros2_lab2/install/sam_bot_description/share/ament_index/resource_index/package_run_dependencies/sam_bot_description
[0.811s] -- Up-to-date symlink: /home/trsa2024/ros2_lab2/install/sam_bot_description/share/ament_index/resource_index/parent_prefix_path/sam_bot_description
[0.811s] -- Up-to-date symlink: /home/trsa2024/ros2_lab2/install/sam_bot_description/share/sam_bot_description/environment/ament_prefix_path.sh
[0.812s] -- Up-to-date symlink: /home/trsa2024/ros2_lab2/install/sam_bot_description/share/sam_bot_description/environment/ament_prefix_path.dsv
[0.812s] -- Up-to-date symlink: /home/trsa2024/ros2_lab2/install/sam_bot_description/share/sam_bot_description/environment/path.sh
[0.813s] -- Up-to-date symlink: /home/trsa2024/ros2_lab2/install/sam_bot_description/share/sam_bot_description/environment/path.dsv
[0.813s] -- Up-to-date symlink: /home/trsa2024/ros2_lab2/install/sam_bot_description/share/sam_bot_description/local_setup.bash
[0.813s] -- Up-to-date symlink: /home/trsa2024/ros2_lab2/install/sam_bot_description/share/sam_bot_description/local_setup.sh
[0.814s] -- Up-to-date symlink: /home/trsa2024/ros2_lab2/install/sam_bot_description/share/sam_bot_description/local_setup.zsh
[0.814s] -- Up-to-date symlink: /home/trsa2024/ros2_lab2/install/sam_bot_description/share/sam_bot_description/local_setup.dsv
[0.815s] -- Symlinking: /home/trsa2024/ros2_lab2/install/sam_bot_description/share/sam_bot_description/package.dsv
[0.828s] -- Up-to-date symlink: /home/trsa2024/ros2_lab2/install/sam_bot_description/share/ament_index/resource_index/packages/sam_bot_description
[0.828s] -- Up-to-date symlink: /home/trsa2024/ros2_lab2/install/sam_bot_description/share/sam_bot_description/cmake/sam_bot_descriptionConfig.cmake
[0.836s] -- Up-to-date symlink: /home/trsa2024/ros2_lab2/install/sam_bot_description/share/sam_bot_description/cmake/sam_bot_descriptionConfig-version.cmake
[0.837s] -- Up-to-date symlink: /home/trsa2024/ros2_lab2/install/sam_bot_description/share/sam_bot_description/package.xml
[0.838s] Invoked command in '/home/trsa2024/ros2_lab2/build/sam_bot_description' returned '0': CMAKE_PREFIX_PATH=${CMAKE_PREFIX_PATH}:/home/trsa2024/ros2_lab2/install/robot_control:/home/trsa2024/ros2_lab2/install/my_robot_control:/home/trsa2024/ros2_lab2/install/camera_pack:/home/trsa2024/ros2_lab1/install/trsa_lab1:/opt/ros/humble /usr/bin/cmake --install /home/trsa2024/ros2_lab2/build/sam_bot_description
