running egg_info
writing ../../build/robot_control/robot_control.egg-info/PKG-INFO
writing dependency_links to ../../build/robot_control/robot_control.egg-info/dependency_links.txt
writing entry points to ../../build/robot_control/robot_control.egg-info/entry_points.txt
writing requirements to ../../build/robot_control/robot_control.egg-info/requires.txt
writing top-level names to ../../build/robot_control/robot_control.egg-info/top_level.txt
reading manifest file '../../build/robot_control/robot_control.egg-info/SOURCES.txt'
writing manifest file '../../build/robot_control/robot_control.egg-info/SOURCES.txt'
running build
running build_py
copying robot_control/goal_send.py -> /home/trsa2024/ros2_lab2/build/robot_control/build/lib/robot_control
copying robot_control/__init__.py -> /home/trsa2024/ros2_lab2/build/robot_control/build/lib/robot_control
running install
running install_lib
/home/trsa2024/.local/lib/python3.10/site-packages/setuptools/_distutils/cmd.py:66: SetuptoolsDeprecationWarning: setup.py install is deprecated.
!!

        ********************************************************************************
        Please avoid running ``setup.py`` directly.
        Instead, use pypa/build, pypa/installer or other
        standards-based tools.

        See https://blog.ganssle.io/articles/2021/10/setup-py-deprecated.html for details.
        ********************************************************************************

!!
  self.initialize_options()
running install_data
copying package.xml -> /home/trsa2024/ros2_lab2/install/robot_control/share/robot_control
running install_egg_info
removing '/home/trsa2024/ros2_lab2/install/robot_control/lib/python3.10/site-packages/robot_control-0.0.1-py3.10.egg-info' (and everything under it)
Copying ../../build/robot_control/robot_control.egg-info to /home/trsa2024/ros2_lab2/install/robot_control/lib/python3.10/site-packages/robot_control-0.0.1-py3.10.egg-info
running install_scripts
Installing goal_send script to /home/trsa2024/ros2_lab2/install/robot_control/lib/robot_control
writing list of installed files to '/home/trsa2024/ros2_lab2/build/robot_control/install.log'
