[1.074s] Invoking command in '/home/trsa2024/ros2_lab2/src/robot_control': PYTHONPATH=/home/trsa2024/ros2_lab2/build/robot_control/prefix_override:/home/trsa2024/ros2_lab2/install/robot_control/lib/python3.10/site-packages:${PYTHONPATH} /usr/bin/python3 setup.py egg_info --egg-base ../../build/robot_control build --build-base /home/trsa2024/ros2_lab2/build/robot_control/build install --record /home/trsa2024/ros2_lab2/build/robot_control/install.log --single-version-externally-managed
[1.265s] running egg_info
[1.279s] writing ../../build/robot_control/robot_control.egg-info/PKG-INFO
[1.279s] writing dependency_links to ../../build/robot_control/robot_control.egg-info/dependency_links.txt
[1.279s] writing entry points to ../../build/robot_control/robot_control.egg-info/entry_points.txt
[1.280s] writing requirements to ../../build/robot_control/robot_control.egg-info/requires.txt
[1.280s] writing top-level names to ../../build/robot_control/robot_control.egg-info/top_level.txt
[1.313s] reading manifest file '../../build/robot_control/robot_control.egg-info/SOURCES.txt'
[1.314s] writing manifest file '../../build/robot_control/robot_control.egg-info/SOURCES.txt'
[1.314s] running build
[1.314s] running build_py
[1.315s] copying robot_control/goal_send.py -> /home/trsa2024/ros2_lab2/build/robot_control/build/lib/robot_control
[1.315s] copying robot_control/__init__.py -> /home/trsa2024/ros2_lab2/build/robot_control/build/lib/robot_control
[1.315s] running install
[1.316s] /home/trsa2024/.local/lib/python3.10/site-packages/setuptools/_distutils/cmd.py:66: SetuptoolsDeprecationWarning: setup.py install is deprecated.
[1.316s] !!
[1.316s] 
[1.316s]         ********************************************************************************
[1.316s]         Please avoid running ``setup.py`` directly.
[1.316s]         Instead, use pypa/build, pypa/installer or other
[1.316s]         standards-based tools.
[1.316s] 
[1.316s]         See https://blog.ganssle.io/articles/2021/10/setup-py-deprecated.html for details.
[1.316s]         ********************************************************************************
[1.316s] 
[1.316s] !!
[1.317s]   self.initialize_options()
[1.323s] running install_lib
[1.345s] running install_data
[1.358s] copying package.xml -> /home/trsa2024/ros2_lab2/install/robot_control/share/robot_control
[1.358s] running install_egg_info
[1.371s] removing '/home/trsa2024/ros2_lab2/install/robot_control/lib/python3.10/site-packages/robot_control-0.0.1-py3.10.egg-info' (and everything under it)
[1.373s] Copying ../../build/robot_control/robot_control.egg-info to /home/trsa2024/ros2_lab2/install/robot_control/lib/python3.10/site-packages/robot_control-0.0.1-py3.10.egg-info
[1.373s] running install_scripts
[1.505s] Installing goal_send script to /home/trsa2024/ros2_lab2/install/robot_control/lib/robot_control
[1.506s] writing list of installed files to '/home/trsa2024/ros2_lab2/build/robot_control/install.log'
[1.577s] Invoked command in '/home/trsa2024/ros2_lab2/src/robot_control' returned '0': PYTHONPATH=/home/trsa2024/ros2_lab2/build/robot_control/prefix_override:/home/trsa2024/ros2_lab2/install/robot_control/lib/python3.10/site-packages:${PYTHONPATH} /usr/bin/python3 setup.py egg_info --egg-base ../../build/robot_control build --build-base /home/trsa2024/ros2_lab2/build/robot_control/build install --record /home/trsa2024/ros2_lab2/build/robot_control/install.log --single-version-externally-managed
