[0.942s] Invoking command in '/home/trsa2024/ros2_lab2/src/robot_control': PYTHONPATH=/home/trsa2024/ros2_lab2/build/robot_control/prefix_override:/home/trsa2024/ros2_lab2/install/robot_control/lib/python3.10/site-packages:${PYTHONPATH} /usr/bin/python3 setup.py egg_info --egg-base ../../build/robot_control build --build-base /home/trsa2024/ros2_lab2/build/robot_control/build install --record /home/trsa2024/ros2_lab2/build/robot_control/install.log --single-version-externally-managed
[1.125s] running egg_info
[1.139s] writing ../../build/robot_control/robot_control.egg-info/PKG-INFO
[1.139s] writing dependency_links to ../../build/robot_control/robot_control.egg-info/dependency_links.txt
[1.139s] writing entry points to ../../build/robot_control/robot_control.egg-info/entry_points.txt
[1.140s] writing requirements to ../../build/robot_control/robot_control.egg-info/requires.txt
[1.140s] writing top-level names to ../../build/robot_control/robot_control.egg-info/top_level.txt
[1.167s] reading manifest file '../../build/robot_control/robot_control.egg-info/SOURCES.txt'
[1.168s] writing manifest file '../../build/robot_control/robot_control.egg-info/SOURCES.txt'
[1.168s] running build
[1.168s] running build_py
[1.168s] copying robot_control/goal_send.py -> /home/trsa2024/ros2_lab2/build/robot_control/build/lib/robot_control
[1.169s] copying robot_control/__init__.py -> /home/trsa2024/ros2_lab2/build/robot_control/build/lib/robot_control
[1.169s] running install
[1.169s] /home/trsa2024/.local/lib/python3.10/site-packages/setuptools/_distutils/cmd.py:66: SetuptoolsDeprecationWarning: setup.py install is deprecated.
[1.169s] !!
[1.169s] 
[1.169s]         ********************************************************************************
[1.169s]         Please avoid running ``setup.py`` directly.
[1.169s]         Instead, use pypa/build, pypa/installer or other
[1.169s]         standards-based tools.
[1.170s] 
[1.170s]         See https://blog.ganssle.io/articles/2021/10/setup-py-deprecated.html for details.
[1.170s]         ********************************************************************************
[1.170s] 
[1.170s] !!
[1.170s]   self.initialize_options()
[1.173s] running install_lib
[1.187s] running install_data
[1.200s] copying package.xml -> /home/trsa2024/ros2_lab2/install/robot_control/share/robot_control
[1.200s] running install_egg_info
[1.215s] removing '/home/trsa2024/ros2_lab2/install/robot_control/lib/python3.10/site-packages/robot_control-0.0.1-py3.10.egg-info' (and everything under it)
[1.216s] Copying ../../build/robot_control/robot_control.egg-info to /home/trsa2024/ros2_lab2/install/robot_control/lib/python3.10/site-packages/robot_control-0.0.1-py3.10.egg-info
[1.216s] running install_scripts
[1.339s] Installing goal_send script to /home/trsa2024/ros2_lab2/install/robot_control/lib/robot_control
[1.339s] writing list of installed files to '/home/trsa2024/ros2_lab2/build/robot_control/install.log'
[1.404s] Invoked command in '/home/trsa2024/ros2_lab2/src/robot_control' returned '0': PYTHONPATH=/home/trsa2024/ros2_lab2/build/robot_control/prefix_override:/home/trsa2024/ros2_lab2/install/robot_control/lib/python3.10/site-packages:${PYTHONPATH} /usr/bin/python3 setup.py egg_info --egg-base ../../build/robot_control build --build-base /home/trsa2024/ros2_lab2/build/robot_control/build install --record /home/trsa2024/ros2_lab2/build/robot_control/install.log --single-version-externally-managed
