[0.781s] Invoking command in '/home/trsa2024/ros2_lab2/src/robot_control': PYTHONPATH=/home/trsa2024/ros2_lab2/build/robot_control/prefix_override:/home/trsa2024/ros2_lab2/install/robot_control/lib/python3.10/site-packages:${PYTHONPATH} /usr/bin/python3 setup.py egg_info --egg-base ../../build/robot_control build --build-base /home/trsa2024/ros2_lab2/build/robot_control/build install --record /home/trsa2024/ros2_lab2/build/robot_control/install.log --single-version-externally-managed
[0.958s] running egg_info
[0.970s] writing ../../build/robot_control/robot_control.egg-info/PKG-INFO
[0.971s] writing dependency_links to ../../build/robot_control/robot_control.egg-info/dependency_links.txt
[0.971s] writing entry points to ../../build/robot_control/robot_control.egg-info/entry_points.txt
[0.971s] writing requirements to ../../build/robot_control/robot_control.egg-info/requires.txt
[0.972s] writing top-level names to ../../build/robot_control/robot_control.egg-info/top_level.txt
[0.998s] reading manifest file '../../build/robot_control/robot_control.egg-info/SOURCES.txt'
[0.999s] writing manifest file '../../build/robot_control/robot_control.egg-info/SOURCES.txt'
[0.999s] running build
[0.999s] running build_py
[0.999s] copying robot_control/goal_send.py -> /home/trsa2024/ros2_lab2/build/robot_control/build/lib/robot_control
[0.999s] copying robot_control/__init__.py -> /home/trsa2024/ros2_lab2/build/robot_control/build/lib/robot_control
[1.000s] running install
[1.000s] /home/trsa2024/.local/lib/python3.10/site-packages/setuptools/_distutils/cmd.py:66: SetuptoolsDeprecationWarning: setup.py install is deprecated.
[1.000s] !!
[1.000s] 
[1.000s]         ********************************************************************************
[1.000s]         Please avoid running ``setup.py`` directly.
[1.000s]         Instead, use pypa/build, pypa/installer or other
[1.000s]         standards-based tools.
[1.000s] 
[1.000s]         See https://blog.ganssle.io/articles/2021/10/setup-py-deprecated.html for details.
[1.000s]         ********************************************************************************
[1.000s] 
[1.000s] !!
[1.000s]   self.initialize_options()
[1.004s] running install_lib
[1.017s] running install_data
[1.029s] copying package.xml -> /home/trsa2024/ros2_lab2/install/robot_control/share/robot_control
[1.029s] running install_egg_info
[1.043s] removing '/home/trsa2024/ros2_lab2/install/robot_control/lib/python3.10/site-packages/robot_control-0.0.1-py3.10.egg-info' (and everything under it)
[1.043s] Copying ../../build/robot_control/robot_control.egg-info to /home/trsa2024/ros2_lab2/install/robot_control/lib/python3.10/site-packages/robot_control-0.0.1-py3.10.egg-info
[1.044s] running install_scripts
[1.165s] Installing goal_send script to /home/trsa2024/ros2_lab2/install/robot_control/lib/robot_control
[1.166s] writing list of installed files to '/home/trsa2024/ros2_lab2/build/robot_control/install.log'
[1.194s] Invoked command in '/home/trsa2024/ros2_lab2/src/robot_control' returned '0': PYTHONPATH=/home/trsa2024/ros2_lab2/build/robot_control/prefix_override:/home/trsa2024/ros2_lab2/install/robot_control/lib/python3.10/site-packages:${PYTHONPATH} /usr/bin/python3 setup.py egg_info --egg-base ../../build/robot_control build --build-base /home/trsa2024/ros2_lab2/build/robot_control/build install --record /home/trsa2024/ros2_lab2/build/robot_control/install.log --single-version-externally-managed
