[0.099s] Invoking command in '/home/trsa2024/ros2_lab2/build/sam_bot_description': CMAKE_PREFIX_PATH=${CMAKE_PREFIX_PATH}:/opt/ros/humble /usr/bin/cmake --build /home/trsa2024/ros2_lab2/build/sam_bot_description -- -j4 -l4
[0.189s] -- Found ament_cmake: 1.3.5 (/opt/ros/humble/share/ament_cmake/cmake)
[0.441s] -- Found ament_lint_auto: 0.12.8 (/opt/ros/humble/share/ament_lint_auto/cmake)
[0.561s] -- Added test 'flake8' to check Python code syntax and style conventions
[0.562s] -- Added test 'lint_cmake' to check CMake code style
[0.562s] -- Added test 'pep257' to check Python code against some of the docstring style conventions in PEP 257
[0.564s] -- Added test 'xmllint' to check XML markup files
[0.565s] -- Configuring done
[0.570s] -- Generating done
[0.571s] -- Build files have been written to: /home/trsa2024/ros2_lab2/build/sam_bot_description
[0.650s] Invoked command in '/home/trsa2024/ros2_lab2/build/sam_bot_description' returned '0': CMAKE_PREFIX_PATH=${CMAKE_PREFIX_PATH}:/opt/ros/humble /usr/bin/cmake --build /home/trsa2024/ros2_lab2/build/sam_bot_description -- -j4 -l4
[0.737s] Invoking command in '/home/trsa2024/ros2_lab2/build/sam_bot_description': CMAKE_PREFIX_PATH=${CMAKE_PREFIX_PATH}:/opt/ros/humble /usr/bin/cmake --install /home/trsa2024/ros2_lab2/build/sam_bot_description
[0.757s] -- Install configuration: ""
[0.757s] -- Installing: /home/trsa2024/ros2_lab2/install/sam_bot_description/share/sam_bot_description/src
[0.758s] -- Installing: /home/trsa2024/ros2_lab2/install/sam_bot_description/share/sam_bot_description/src/description
[0.758s] -- Installing: /home/trsa2024/ros2_lab2/install/sam_bot_description/share/sam_bot_description/src/description/sam_bot_description.urdf
[0.758s] -- Installing: /home/trsa2024/ros2_lab2/install/sam_bot_description/share/sam_bot_description/launch
[0.759s] -- Installing: /home/trsa2024/ros2_lab2/install/sam_bot_description/share/sam_bot_description/launch/display.launch.py
[0.759s] -- Installing: /home/trsa2024/ros2_lab2/install/sam_bot_description/share/sam_bot_description/rviz
[0.759s] -- Installing: /home/trsa2024/ros2_lab2/install/sam_bot_description/share/sam_bot_description/rviz/urdf_config.rviz
[0.759s] -- Up-to-date: /home/trsa2024/ros2_lab2/install/sam_bot_description/share/ament_index/resource_index/package_run_dependencies/sam_bot_description
[0.759s] -- Installing: /home/trsa2024/ros2_lab2/install/sam_bot_description/share/ament_index/resource_index/parent_prefix_path/sam_bot_description
[0.759s] -- Up-to-date: /home/trsa2024/ros2_lab2/install/sam_bot_description/share/sam_bot_description/environment/ament_prefix_path.sh
[0.759s] -- Installing: /home/trsa2024/ros2_lab2/install/sam_bot_description/share/sam_bot_description/environment/ament_prefix_path.dsv
[0.760s] -- Up-to-date: /home/trsa2024/ros2_lab2/install/sam_bot_description/share/sam_bot_description/environment/path.sh
[0.760s] -- Installing: /home/trsa2024/ros2_lab2/install/sam_bot_description/share/sam_bot_description/environment/path.dsv
[0.760s] -- Up-to-date: /home/trsa2024/ros2_lab2/install/sam_bot_description/share/sam_bot_description/local_setup.bash
[0.760s] -- Up-to-date: /home/trsa2024/ros2_lab2/install/sam_bot_description/share/sam_bot_description/local_setup.sh
[0.761s] -- Up-to-date: /home/trsa2024/ros2_lab2/install/sam_bot_description/share/sam_bot_description/local_setup.zsh
[0.761s] -- Installing: /home/trsa2024/ros2_lab2/install/sam_bot_description/share/sam_bot_description/local_setup.dsv
[0.761s] -- Installing: /home/trsa2024/ros2_lab2/install/sam_bot_description/share/sam_bot_description/package.dsv
[0.762s] -- Up-to-date: /home/trsa2024/ros2_lab2/install/sam_bot_description/share/ament_index/resource_index/packages/sam_bot_description
[0.762s] -- Up-to-date: /home/trsa2024/ros2_lab2/install/sam_bot_description/share/sam_bot_description/cmake/sam_bot_descriptionConfig.cmake
[0.762s] -- Up-to-date: /home/trsa2024/ros2_lab2/install/sam_bot_description/share/sam_bot_description/cmake/sam_bot_descriptionConfig-version.cmake
[0.762s] -- Up-to-date: /home/trsa2024/ros2_lab2/install/sam_bot_description/share/sam_bot_description/package.xml
[0.765s] Invoked command in '/home/trsa2024/ros2_lab2/build/sam_bot_description' returned '0': CMAKE_PREFIX_PATH=${CMAKE_PREFIX_PATH}:/opt/ros/humble /usr/bin/cmake --install /home/trsa2024/ros2_lab2/build/sam_bot_description
