[0.774s] Invoking command in '/home/trsa2024/ros2_lab2/src/robot_control': PYTHONPATH=/home/trsa2024/ros2_lab2/build/robot_control/prefix_override:/home/trsa2024/ros2_lab2/install/robot_control/lib/python3.10/site-packages:${PYTHONPATH} /usr/bin/python3 setup.py egg_info --egg-base ../../build/robot_control build --build-base /home/trsa2024/ros2_lab2/build/robot_control/build install --record /home/trsa2024/ros2_lab2/build/robot_control/install.log --single-version-externally-managed
[0.952s] running egg_info
[0.964s] writing ../../build/robot_control/robot_control.egg-info/PKG-INFO
[0.965s] writing dependency_links to ../../build/robot_control/robot_control.egg-info/dependency_links.txt
[0.965s] writing entry points to ../../build/robot_control/robot_control.egg-info/entry_points.txt
[0.965s] writing requirements to ../../build/robot_control/robot_control.egg-info/requires.txt
[0.965s] writing top-level names to ../../build/robot_control/robot_control.egg-info/top_level.txt
[0.992s] reading manifest file '../../build/robot_control/robot_control.egg-info/SOURCES.txt'
[0.993s] writing manifest file '../../build/robot_control/robot_control.egg-info/SOURCES.txt'
[0.993s] running build
[0.993s] running build_py
[0.993s] copying robot_control/goal_send.py -> /home/trsa2024/ros2_lab2/build/robot_control/build/lib/robot_control
[0.993s] copying robot_control/__init__.py -> /home/trsa2024/ros2_lab2/build/robot_control/build/lib/robot_control
[0.994s] running install
[0.994s] /home/trsa2024/.local/lib/python3.10/site-packages/setuptools/_distutils/cmd.py:66: SetuptoolsDeprecationWarning: setup.py install is deprecated.
[0.994s] !!
[0.994s] 
[0.994s]         ********************************************************************************
[0.994s]         Please avoid running ``setup.py`` directly.
[0.994s]         Instead, use pypa/build, pypa/installer or other
[0.994s]         standards-based tools.
[0.994s] 
[0.994s]         See https://blog.ganssle.io/articles/2021/10/setup-py-deprecated.html for details.
[0.994s]         ********************************************************************************
[0.994s] 
[0.994s] !!
[0.994s]   self.initialize_options()
[0.998s] running install_lib
[1.010s] copying /home/trsa2024/ros2_lab2/build/robot_control/build/lib/robot_control/goal_send.py -> /home/trsa2024/ros2_lab2/install/robot_control/lib/python3.10/site-packages/robot_control
[1.011s] byte-compiling /home/trsa2024/ros2_lab2/install/robot_control/lib/python3.10/site-packages/robot_control/goal_send.py to goal_send.cpython-310.pyc
[1.011s]   File "/home/trsa2024/ros2_lab2/install/robot_control/lib/python3.10/site-packages/robot_control/goal_send.py", line 24
[1.011s]     goal_pose.pose.position.x =   # Replace with your desired coordinates
[1.011s]                                   ^^^^^^^^^^^^^^^^^^^^^^^^^^^^^^^^^^^^^^^
[1.011s] SyntaxError: invalid syntax
[1.012s] 
[1.012s] running install_data
[1.023s] copying package.xml -> /home/trsa2024/ros2_lab2/install/robot_control/share/robot_control
[1.024s] running install_egg_info
[1.038s] removing '/home/trsa2024/ros2_lab2/install/robot_control/lib/python3.10/site-packages/robot_control-0.0.1-py3.10.egg-info' (and everything under it)
[1.038s] Copying ../../build/robot_control/robot_control.egg-info to /home/trsa2024/ros2_lab2/install/robot_control/lib/python3.10/site-packages/robot_control-0.0.1-py3.10.egg-info
[1.039s] running install_scripts
[1.163s] Installing goal_send script to /home/trsa2024/ros2_lab2/install/robot_control/lib/robot_control
[1.163s] writing list of installed files to '/home/trsa2024/ros2_lab2/build/robot_control/install.log'
[1.190s] Invoked command in '/home/trsa2024/ros2_lab2/src/robot_control' returned '0': PYTHONPATH=/home/trsa2024/ros2_lab2/build/robot_control/prefix_override:/home/trsa2024/ros2_lab2/install/robot_control/lib/python3.10/site-packages:${PYTHONPATH} /usr/bin/python3 setup.py egg_info --egg-base ../../build/robot_control build --build-base /home/trsa2024/ros2_lab2/build/robot_control/build install --record /home/trsa2024/ros2_lab2/build/robot_control/install.log --single-version-externally-managed
