[1.265s] DEBUG:colcon:Command line arguments: ['/usr/bin/colcon', 'build']
[1.265s] DEBUG:colcon:Parsed command line arguments: Namespace(log_base=None, log_level=None, verb_name='build', build_base='build', install_base='install', merge_install=False, symlink_install=False, test_result_base=None, continue_on_error=False, executor='parallel', parallel_workers=4, event_handlers=None, ignore_user_meta=False, metas=['./colcon.meta'], base_paths=['.'], packages_ignore=None, packages_ignore_regex=None, paths=None, packages_up_to=None, packages_up_to_regex=None, packages_above=None, packages_above_and_dependencies=None, packages_above_depth=None, packages_select_by_dep=None, packages_skip_by_dep=None, packages_skip_up_to=None, packages_select_build_failed=False, packages_skip_build_finished=False, packages_select_test_failures=False, packages_skip_test_passed=False, packages_select=None, packages_skip=None, packages_select_regex=None, packages_skip_regex=None, packages_start=None, packages_end=None, allow_overriding=[], cmake_args=None, cmake_target=None, cmake_target_skip_unavailable=False, cmake_clean_cache=False, cmake_clean_first=False, cmake_force_configure=False, ament_cmake_args=None, catkin_cmake_args=None, catkin_skip_building_tests=False, verb_parser=<colcon_defaults.argument_parser.defaults.DefaultArgumentsDecorator object at 0x7f882dcb7460>, verb_extension=<colcon_core.verb.build.BuildVerb object at 0x7f882dc1f310>, main=<bound method BuildVerb.main of <colcon_core.verb.build.BuildVerb object at 0x7f882dc1f310>>)
[1.321s] Level 1:colcon.colcon_core.package_discovery:discover_packages(colcon_meta) check parameters
[1.322s] Level 1:colcon.colcon_core.package_discovery:discover_packages(recursive) check parameters
[1.322s] Level 1:colcon.colcon_core.package_discovery:discover_packages(ignore) check parameters
[1.322s] Level 1:colcon.colcon_core.package_discovery:discover_packages(path) check parameters
[1.322s] Level 1:colcon.colcon_core.package_discovery:discover_packages(colcon_meta) discover
[1.323s] Level 1:colcon.colcon_core.package_discovery:discover_packages(recursive) discover
[1.323s] INFO:colcon.colcon_core.package_discovery:Crawling recursively for packages in '/home/trsa2024/ros2_lab2'
[1.323s] Level 1:colcon.colcon_core.package_identification:_identify(.) by extensions ['ignore', 'ignore_ament_install']
[1.323s] Level 1:colcon.colcon_core.package_identification:_identify(.) by extension 'ignore'
[1.323s] Level 1:colcon.colcon_core.package_identification:_identify(.) by extension 'ignore_ament_install'
[1.323s] Level 1:colcon.colcon_core.package_identification:_identify(.) by extensions ['colcon_pkg']
[1.323s] Level 1:colcon.colcon_core.package_identification:_identify(.) by extension 'colcon_pkg'
[1.323s] Level 1:colcon.colcon_core.package_identification:_identify(.) by extensions ['colcon_meta']
[1.323s] Level 1:colcon.colcon_core.package_identification:_identify(.) by extension 'colcon_meta'
[1.323s] Level 1:colcon.colcon_core.package_identification:_identify(.) by extensions ['ros']
[1.323s] Level 1:colcon.colcon_core.package_identification:_identify(.) by extension 'ros'
[1.341s] Level 1:colcon.colcon_core.package_identification:_identify(.) by extensions ['cmake', 'python']
[1.341s] Level 1:colcon.colcon_core.package_identification:_identify(.) by extension 'cmake'
[1.341s] Level 1:colcon.colcon_core.package_identification:_identify(.) by extension 'python'
[1.341s] Level 1:colcon.colcon_core.package_identification:_identify(.) by extensions ['python_setup_py']
[1.341s] Level 1:colcon.colcon_core.package_identification:_identify(.) by extension 'python_setup_py'
[1.341s] Level 1:colcon.colcon_core.package_identification:_identify(build) by extensions ['ignore', 'ignore_ament_install']
[1.341s] Level 1:colcon.colcon_core.package_identification:_identify(build) by extension 'ignore'
[1.342s] Level 1:colcon.colcon_core.package_identification:_identify(build) ignored
[1.342s] Level 1:colcon.colcon_core.package_identification:_identify(install) by extensions ['ignore', 'ignore_ament_install']
[1.342s] Level 1:colcon.colcon_core.package_identification:_identify(install) by extension 'ignore'
[1.342s] Level 1:colcon.colcon_core.package_identification:_identify(install) ignored
[1.342s] Level 1:colcon.colcon_core.package_identification:_identify(log) by extensions ['ignore', 'ignore_ament_install']
[1.342s] Level 1:colcon.colcon_core.package_identification:_identify(log) by extension 'ignore'
[1.342s] Level 1:colcon.colcon_core.package_identification:_identify(log) ignored
[1.342s] Level 1:colcon.colcon_core.package_identification:_identify(map) by extensions ['ignore', 'ignore_ament_install']
[1.342s] Level 1:colcon.colcon_core.package_identification:_identify(map) by extension 'ignore'
[1.342s] Level 1:colcon.colcon_core.package_identification:_identify(map) by extension 'ignore_ament_install'
[1.342s] Level 1:colcon.colcon_core.package_identification:_identify(map) by extensions ['colcon_pkg']
[1.343s] Level 1:colcon.colcon_core.package_identification:_identify(map) by extension 'colcon_pkg'
[1.343s] Level 1:colcon.colcon_core.package_identification:_identify(map) by extensions ['colcon_meta']
[1.343s] Level 1:colcon.colcon_core.package_identification:_identify(map) by extension 'colcon_meta'
[1.343s] Level 1:colcon.colcon_core.package_identification:_identify(map) by extensions ['ros']
[1.343s] Level 1:colcon.colcon_core.package_identification:_identify(map) by extension 'ros'
[1.343s] Level 1:colcon.colcon_core.package_identification:_identify(map) by extensions ['cmake', 'python']
[1.343s] Level 1:colcon.colcon_core.package_identification:_identify(map) by extension 'cmake'
[1.343s] Level 1:colcon.colcon_core.package_identification:_identify(map) by extension 'python'
[1.343s] Level 1:colcon.colcon_core.package_identification:_identify(map) by extensions ['python_setup_py']
[1.343s] Level 1:colcon.colcon_core.package_identification:_identify(map) by extension 'python_setup_py'
[1.343s] Level 1:colcon.colcon_core.package_identification:_identify(src) by extensions ['ignore', 'ignore_ament_install']
[1.343s] Level 1:colcon.colcon_core.package_identification:_identify(src) by extension 'ignore'
[1.343s] Level 1:colcon.colcon_core.package_identification:_identify(src) by extension 'ignore_ament_install'
[1.343s] Level 1:colcon.colcon_core.package_identification:_identify(src) by extensions ['colcon_pkg']
[1.343s] Level 1:colcon.colcon_core.package_identification:_identify(src) by extension 'colcon_pkg'
[1.344s] Level 1:colcon.colcon_core.package_identification:_identify(src) by extensions ['colcon_meta']
[1.344s] Level 1:colcon.colcon_core.package_identification:_identify(src) by extension 'colcon_meta'
[1.344s] Level 1:colcon.colcon_core.package_identification:_identify(src) by extensions ['ros']
[1.344s] Level 1:colcon.colcon_core.package_identification:_identify(src) by extension 'ros'
[1.344s] Level 1:colcon.colcon_core.package_identification:_identify(src) by extensions ['cmake', 'python']
[1.344s] Level 1:colcon.colcon_core.package_identification:_identify(src) by extension 'cmake'
[1.344s] Level 1:colcon.colcon_core.package_identification:_identify(src) by extension 'python'
[1.344s] Level 1:colcon.colcon_core.package_identification:_identify(src) by extensions ['python_setup_py']
[1.344s] Level 1:colcon.colcon_core.package_identification:_identify(src) by extension 'python_setup_py'
[1.344s] Level 1:colcon.colcon_core.package_identification:_identify(src/sam_bot_description) by extensions ['ignore', 'ignore_ament_install']
[1.344s] Level 1:colcon.colcon_core.package_identification:_identify(src/sam_bot_description) by extension 'ignore'
[1.344s] Level 1:colcon.colcon_core.package_identification:_identify(src/sam_bot_description) by extension 'ignore_ament_install'
[1.344s] Level 1:colcon.colcon_core.package_identification:_identify(src/sam_bot_description) by extensions ['colcon_pkg']
[1.345s] Level 1:colcon.colcon_core.package_identification:_identify(src/sam_bot_description) by extension 'colcon_pkg'
[1.345s] Level 1:colcon.colcon_core.package_identification:_identify(src/sam_bot_description) by extensions ['colcon_meta']
[1.345s] Level 1:colcon.colcon_core.package_identification:_identify(src/sam_bot_description) by extension 'colcon_meta'
[1.345s] Level 1:colcon.colcon_core.package_identification:_identify(src/sam_bot_description) by extensions ['ros']
[1.345s] Level 1:colcon.colcon_core.package_identification:_identify(src/sam_bot_description) by extension 'ros'
[1.348s] DEBUG:colcon.colcon_core.package_identification:Package 'src/sam_bot_description' with type 'ros.ament_cmake' and name 'sam_bot_description'
[1.348s] Level 1:colcon.colcon_core.package_discovery:discover_packages(recursive) using defaults
[1.349s] Level 1:colcon.colcon_core.package_discovery:discover_packages(ignore) discover
[1.349s] Level 1:colcon.colcon_core.package_discovery:discover_packages(ignore) using defaults
[1.349s] Level 1:colcon.colcon_core.package_discovery:discover_packages(path) discover
[1.349s] Level 1:colcon.colcon_core.package_discovery:discover_packages(path) using defaults
[1.465s] Level 1:colcon.colcon_core.package_discovery:discover_packages(prefix_path) check parameters
[1.465s] Level 1:colcon.colcon_core.package_discovery:discover_packages(prefix_path) discover
[1.503s] DEBUG:colcon.colcon_installed_package_information.package_discovery:Found 1 installed packages in /home/trsa2024/ros2_lab2/install
[1.522s] DEBUG:colcon.colcon_installed_package_information.package_discovery:Found 400 installed packages in /opt/ros/humble
[1.525s] Level 1:colcon.colcon_core.package_discovery:discover_packages(prefix_path) using defaults
[1.689s] Level 5:colcon.colcon_core.verb:set package 'sam_bot_description' build argument 'cmake_args' from command line to 'None'
[1.689s] Level 5:colcon.colcon_core.verb:set package 'sam_bot_description' build argument 'cmake_target' from command line to 'None'
[1.689s] Level 5:colcon.colcon_core.verb:set package 'sam_bot_description' build argument 'cmake_target_skip_unavailable' from command line to 'False'
[1.689s] Level 5:colcon.colcon_core.verb:set package 'sam_bot_description' build argument 'cmake_clean_cache' from command line to 'False'
[1.689s] Level 5:colcon.colcon_core.verb:set package 'sam_bot_description' build argument 'cmake_clean_first' from command line to 'False'
[1.689s] Level 5:colcon.colcon_core.verb:set package 'sam_bot_description' build argument 'cmake_force_configure' from command line to 'False'
[1.689s] Level 5:colcon.colcon_core.verb:set package 'sam_bot_description' build argument 'ament_cmake_args' from command line to 'None'
[1.689s] Level 5:colcon.colcon_core.verb:set package 'sam_bot_description' build argument 'catkin_cmake_args' from command line to 'None'
[1.689s] Level 5:colcon.colcon_core.verb:set package 'sam_bot_description' build argument 'catkin_skip_building_tests' from command line to 'False'
[1.689s] DEBUG:colcon.colcon_core.verb:Building package 'sam_bot_description' with the following arguments: {'ament_cmake_args': None, 'build_base': '/home/trsa2024/ros2_lab2/build/sam_bot_description', 'catkin_cmake_args': None, 'catkin_skip_building_tests': False, 'cmake_args': None, 'cmake_clean_cache': False, 'cmake_clean_first': False, 'cmake_force_configure': False, 'cmake_target': None, 'cmake_target_skip_unavailable': False, 'install_base': '/home/trsa2024/ros2_lab2/install/sam_bot_description', 'merge_install': False, 'path': '/home/trsa2024/ros2_lab2/src/sam_bot_description', 'symlink_install': False, 'test_result_base': None}
[1.706s] INFO:colcon.colcon_core.executor:Executing jobs using 'parallel' executor
[1.724s] DEBUG:colcon.colcon_parallel_executor.executor.parallel:run_until_complete
[1.724s] INFO:colcon.colcon_ros.task.ament_cmake.build:Building ROS package in '/home/trsa2024/ros2_lab2/src/sam_bot_description' with build type 'ament_cmake'
[1.724s] INFO:colcon.colcon_cmake.task.cmake.build:Building CMake package in '/home/trsa2024/ros2_lab2/src/sam_bot_description'
[1.744s] INFO:colcon.colcon_core.plugin_system:Skipping extension 'colcon_core.shell.bat': Not used on non-Windows systems
[1.744s] INFO:colcon.colcon_core.shell:Skip shell extension 'powershell' for command environment: Not usable outside of PowerShell
[1.744s] DEBUG:colcon.colcon_core.shell:Skip shell extension 'dsv' for command environment
[1.810s] DEBUG:colcon.colcon_core.event_handler.log_command:Invoking command in '/home/trsa2024/ros2_lab2/build/sam_bot_description': CMAKE_PREFIX_PATH=${CMAKE_PREFIX_PATH}:/opt/ros/humble /usr/bin/cmake --build /home/trsa2024/ros2_lab2/build/sam_bot_description -- -j4 -l4
[1.956s] DEBUG:colcon.colcon_core.event_handler.log_command:Invoked command in '/home/trsa2024/ros2_lab2/build/sam_bot_description' returned '0': CMAKE_PREFIX_PATH=${CMAKE_PREFIX_PATH}:/opt/ros/humble /usr/bin/cmake --build /home/trsa2024/ros2_lab2/build/sam_bot_description -- -j4 -l4
[2.054s] DEBUG:colcon.colcon_core.event_handler.log_command:Invoking command in '/home/trsa2024/ros2_lab2/build/sam_bot_description': CMAKE_PREFIX_PATH=${CMAKE_PREFIX_PATH}:/opt/ros/humble /usr/bin/cmake --install /home/trsa2024/ros2_lab2/build/sam_bot_description
[2.082s] Level 1:colcon.colcon_core.environment:create_environment_scripts_only(sam_bot_description)
[2.082s] DEBUG:colcon.colcon_core.event_handler.log_command:Invoked command in '/home/trsa2024/ros2_lab2/build/sam_bot_description' returned '0': CMAKE_PREFIX_PATH=${CMAKE_PREFIX_PATH}:/opt/ros/humble /usr/bin/cmake --install /home/trsa2024/ros2_lab2/build/sam_bot_description
[2.107s] Level 1:colcon.colcon_core.environment:checking '/home/trsa2024/ros2_lab2/install/sam_bot_description' for CMake module files
[2.108s] Level 1:colcon.colcon_core.environment:checking '/home/trsa2024/ros2_lab2/install/sam_bot_description' for CMake config files
[2.108s] Level 1:colcon.colcon_core.shell:create_environment_hook('sam_bot_description', 'cmake_prefix_path')
[2.127s] INFO:colcon.colcon_core.shell:Creating environment hook '/home/trsa2024/ros2_lab2/install/sam_bot_description/share/sam_bot_description/hook/cmake_prefix_path.ps1'
[2.128s] INFO:colcon.colcon_core.shell:Creating environment descriptor '/home/trsa2024/ros2_lab2/install/sam_bot_description/share/sam_bot_description/hook/cmake_prefix_path.dsv'
[2.129s] INFO:colcon.colcon_core.shell:Creating environment hook '/home/trsa2024/ros2_lab2/install/sam_bot_description/share/sam_bot_description/hook/cmake_prefix_path.sh'
[2.130s] Level 1:colcon.colcon_core.environment:checking '/home/trsa2024/ros2_lab2/install/sam_bot_description/bin'
[2.130s] Level 1:colcon.colcon_core.environment:checking '/home/trsa2024/ros2_lab2/install/sam_bot_description/lib/pkgconfig/sam_bot_description.pc'
[2.130s] Level 1:colcon.colcon_core.environment:checking '/home/trsa2024/ros2_lab2/install/sam_bot_description/lib/python3.10/site-packages'
[2.130s] Level 1:colcon.colcon_core.environment:checking '/home/trsa2024/ros2_lab2/install/sam_bot_description/bin'
[2.148s] INFO:colcon.colcon_core.shell:Creating package script '/home/trsa2024/ros2_lab2/install/sam_bot_description/share/sam_bot_description/package.ps1'
[2.149s] INFO:colcon.colcon_core.shell:Creating package descriptor '/home/trsa2024/ros2_lab2/install/sam_bot_description/share/sam_bot_description/package.dsv'
[2.150s] INFO:colcon.colcon_core.shell:Creating package script '/home/trsa2024/ros2_lab2/install/sam_bot_description/share/sam_bot_description/package.sh'
[2.150s] INFO:colcon.colcon_core.shell:Creating package script '/home/trsa2024/ros2_lab2/install/sam_bot_description/share/sam_bot_description/package.bash'
[2.151s] INFO:colcon.colcon_core.shell:Creating package script '/home/trsa2024/ros2_lab2/install/sam_bot_description/share/sam_bot_description/package.zsh'
[2.152s] Level 1:colcon.colcon_core.environment:create_file_with_runtime_dependencies(/home/trsa2024/ros2_lab2/install/sam_bot_description/share/colcon-core/packages/sam_bot_description)
[2.233s] Level 1:colcon.colcon_core.environment:create_environment_scripts_only(sam_bot_description)
[2.255s] Level 1:colcon.colcon_core.environment:checking '/home/trsa2024/ros2_lab2/install/sam_bot_description' for CMake module files
[2.256s] Level 1:colcon.colcon_core.environment:checking '/home/trsa2024/ros2_lab2/install/sam_bot_description' for CMake config files
[2.256s] Level 1:colcon.colcon_core.shell:create_environment_hook('sam_bot_description', 'cmake_prefix_path')
[2.275s] INFO:colcon.colcon_core.shell:Creating environment hook '/home/trsa2024/ros2_lab2/install/sam_bot_description/share/sam_bot_description/hook/cmake_prefix_path.ps1'
[2.275s] INFO:colcon.colcon_core.shell:Creating environment descriptor '/home/trsa2024/ros2_lab2/install/sam_bot_description/share/sam_bot_description/hook/cmake_prefix_path.dsv'
[2.276s] INFO:colcon.colcon_core.shell:Creating environment hook '/home/trsa2024/ros2_lab2/install/sam_bot_description/share/sam_bot_description/hook/cmake_prefix_path.sh'
[2.276s] Level 1:colcon.colcon_core.environment:checking '/home/trsa2024/ros2_lab2/install/sam_bot_description/bin'
[2.276s] Level 1:colcon.colcon_core.environment:checking '/home/trsa2024/ros2_lab2/install/sam_bot_description/lib/pkgconfig/sam_bot_description.pc'
[2.277s] Level 1:colcon.colcon_core.environment:checking '/home/trsa2024/ros2_lab2/install/sam_bot_description/lib/python3.10/site-packages'
[2.277s] Level 1:colcon.colcon_core.environment:checking '/home/trsa2024/ros2_lab2/install/sam_bot_description/bin'
[2.298s] INFO:colcon.colcon_core.shell:Creating package script '/home/trsa2024/ros2_lab2/install/sam_bot_description/share/sam_bot_description/package.ps1'
[2.299s] INFO:colcon.colcon_core.shell:Creating package descriptor '/home/trsa2024/ros2_lab2/install/sam_bot_description/share/sam_bot_description/package.dsv'
[2.300s] INFO:colcon.colcon_core.shell:Creating package script '/home/trsa2024/ros2_lab2/install/sam_bot_description/share/sam_bot_description/package.sh'
[2.300s] INFO:colcon.colcon_core.shell:Creating package script '/home/trsa2024/ros2_lab2/install/sam_bot_description/share/sam_bot_description/package.bash'
[2.301s] INFO:colcon.colcon_core.shell:Creating package script '/home/trsa2024/ros2_lab2/install/sam_bot_description/share/sam_bot_description/package.zsh'
[2.301s] Level 1:colcon.colcon_core.environment:create_file_with_runtime_dependencies(/home/trsa2024/ros2_lab2/install/sam_bot_description/share/colcon-core/packages/sam_bot_description)
[2.302s] DEBUG:colcon.colcon_parallel_executor.executor.parallel:closing loop
[2.302s] DEBUG:colcon.colcon_parallel_executor.executor.parallel:loop closed
[2.302s] DEBUG:colcon.colcon_parallel_executor.executor.parallel:run_until_complete finished with '0'
[2.302s] DEBUG:colcon.colcon_core.event_reactor:joining thread
[2.327s] INFO:colcon.colcon_core.plugin_system:Skipping extension 'colcon_notification.desktop_notification.terminal_notifier': Not used on non-Darwin systems
[2.327s] INFO:colcon.colcon_core.plugin_system:Skipping extension 'colcon_notification.desktop_notification.win32': Not used on non-Windows systems
[2.327s] INFO:colcon.colcon_notification.desktop_notification:Sending desktop notification using 'notify2'
[2.358s] DEBUG:colcon.colcon_core.event_reactor:joined thread
[2.376s] INFO:colcon.colcon_core.shell:Creating prefix script '/home/trsa2024/ros2_lab2/install/local_setup.ps1'
[2.377s] INFO:colcon.colcon_core.shell:Creating prefix util module '/home/trsa2024/ros2_lab2/install/_local_setup_util_ps1.py'
[2.379s] INFO:colcon.colcon_core.shell:Creating prefix chain script '/home/trsa2024/ros2_lab2/install/setup.ps1'
[2.398s] INFO:colcon.colcon_core.shell:Creating prefix script '/home/trsa2024/ros2_lab2/install/local_setup.sh'
[2.399s] INFO:colcon.colcon_core.shell:Creating prefix util module '/home/trsa2024/ros2_lab2/install/_local_setup_util_sh.py'
[2.399s] INFO:colcon.colcon_core.shell:Creating prefix chain script '/home/trsa2024/ros2_lab2/install/setup.sh'
[2.418s] INFO:colcon.colcon_core.shell:Creating prefix script '/home/trsa2024/ros2_lab2/install/local_setup.bash'
[2.419s] INFO:colcon.colcon_core.shell:Creating prefix chain script '/home/trsa2024/ros2_lab2/install/setup.bash'
[2.437s] INFO:colcon.colcon_core.shell:Creating prefix script '/home/trsa2024/ros2_lab2/install/local_setup.zsh'
[2.438s] INFO:colcon.colcon_core.shell:Creating prefix chain script '/home/trsa2024/ros2_lab2/install/setup.zsh'
