[1.652s] Invoking command in '/home/trsa2024/ros2_lab2/src/robot_control': PYTHONPATH=/home/trsa2024/ros2_lab2/build/robot_control/prefix_override:/home/trsa2024/ros2_lab2/install/robot_control/lib/python3.10/site-packages:${PYTHONPATH} /usr/bin/python3 setup.py egg_info --egg-base ../../build/robot_control build --build-base /home/trsa2024/ros2_lab2/build/robot_control/build install --record /home/trsa2024/ros2_lab2/build/robot_control/install.log --single-version-externally-managed
[1.859s] running egg_info
[1.873s] writing ../../build/robot_control/robot_control.egg-info/PKG-INFO
[1.874s] writing dependency_links to ../../build/robot_control/robot_control.egg-info/dependency_links.txt
[1.875s] writing entry points to ../../build/robot_control/robot_control.egg-info/entry_points.txt
[1.876s] writing requirements to ../../build/robot_control/robot_control.egg-info/requires.txt
[1.876s] writing top-level names to ../../build/robot_control/robot_control.egg-info/top_level.txt
[1.910s] reading manifest file '../../build/robot_control/robot_control.egg-info/SOURCES.txt'
[1.912s] writing manifest file '../../build/robot_control/robot_control.egg-info/SOURCES.txt'
[1.912s] running build
[1.912s] running build_py
[1.912s] copying robot_control/goal_send.py -> /home/trsa2024/ros2_lab2/build/robot_control/build/lib/robot_control
[1.912s] copying robot_control/__init__.py -> /home/trsa2024/ros2_lab2/build/robot_control/build/lib/robot_control
[1.913s] running install
[1.913s] /home/trsa2024/.local/lib/python3.10/site-packages/setuptools/_distutils/cmd.py:66: SetuptoolsDeprecationWarning: setup.py install is deprecated.
[1.913s] !!
[1.913s] 
[1.913s]         ********************************************************************************
[1.913s]         Please avoid running ``setup.py`` directly.
[1.913s]         Instead, use pypa/build, pypa/installer or other
[1.913s]         standards-based tools.
[1.913s] 
[1.913s]         See https://blog.ganssle.io/articles/2021/10/setup-py-deprecated.html for details.
[1.913s]         ********************************************************************************
[1.914s] 
[1.914s] !!
[1.914s]   self.initialize_options()
[1.918s] running install_lib
[1.934s] running install_data
[1.952s] copying package.xml -> /home/trsa2024/ros2_lab2/install/robot_control/share/robot_control
[1.952s] running install_egg_info
[1.970s] removing '/home/trsa2024/ros2_lab2/install/robot_control/lib/python3.10/site-packages/robot_control-0.0.1-py3.10.egg-info' (and everything under it)
[1.970s] Copying ../../build/robot_control/robot_control.egg-info to /home/trsa2024/ros2_lab2/install/robot_control/lib/python3.10/site-packages/robot_control-0.0.1-py3.10.egg-info
[1.971s] running install_scripts
[2.142s] Installing goal_send script to /home/trsa2024/ros2_lab2/install/robot_control/lib/robot_control
[2.143s] writing list of installed files to '/home/trsa2024/ros2_lab2/build/robot_control/install.log'
[2.256s] Invoked command in '/home/trsa2024/ros2_lab2/src/robot_control' returned '0': PYTHONPATH=/home/trsa2024/ros2_lab2/build/robot_control/prefix_override:/home/trsa2024/ros2_lab2/install/robot_control/lib/python3.10/site-packages:${PYTHONPATH} /usr/bin/python3 setup.py egg_info --egg-base ../../build/robot_control build --build-base /home/trsa2024/ros2_lab2/build/robot_control/build install --record /home/trsa2024/ros2_lab2/build/robot_control/install.log --single-version-externally-managed
