[0.270s] Invoking command in '/home/trsa2024/ros2_lab2/build/sam_bot_description': CMAKE_PREFIX_PATH=${CMAKE_PREFIX_PATH}:/home/trsa2024/ros2_lab2/install/robot_control:/home/trsa2024/ros2_lab2/install/my_robot_control:/opt/ros/humble /usr/bin/cmake --build /home/trsa2024/ros2_lab2/build/sam_bot_description -- -j4 -l4
[0.316s] Invoked command in '/home/trsa2024/ros2_lab2/build/sam_bot_description' returned '0': CMAKE_PREFIX_PATH=${CMAKE_PREFIX_PATH}:/home/trsa2024/ros2_lab2/install/robot_control:/home/trsa2024/ros2_lab2/install/my_robot_control:/opt/ros/humble /usr/bin/cmake --build /home/trsa2024/ros2_lab2/build/sam_bot_description -- -j4 -l4
[0.354s] Invoking command in '/home/trsa2024/ros2_lab2/build/sam_bot_description': CMAKE_PREFIX_PATH=${CMAKE_PREFIX_PATH}:/home/trsa2024/ros2_lab2/install/robot_control:/home/trsa2024/ros2_lab2/install/my_robot_control:/opt/ros/humble /usr/bin/cmake --install /home/trsa2024/ros2_lab2/build/sam_bot_description
[0.362s] -- Install configuration: ""
[0.363s] -- Execute custom install script
[0.363s] -- Up-to-date symlink: /home/trsa2024/ros2_lab2/install/sam_bot_description/share/sam_bot_description/src/description/sam_bot_description.urdf
[0.363s] -- Up-to-date symlink: /home/trsa2024/ros2_lab2/install/sam_bot_description/share/sam_bot_description/src/object_detection.py
[0.364s] -- Up-to-date symlink: /home/trsa2024/ros2_lab2/install/sam_bot_description/share/sam_bot_description/launch/__pycache__/nav2_navigation_launch.cpython-310.pyc
[0.364s] -- Up-to-date symlink: /home/trsa2024/ros2_lab2/install/sam_bot_description/share/sam_bot_description/launch/__pycache__/teleop_launch.cpython-310.pyc
[0.364s] -- Up-to-date symlink: /home/trsa2024/ros2_lab2/install/sam_bot_description/share/sam_bot_description/launch/autonomous_navigation_launch.py
[0.364s] -- Up-to-date symlink: /home/trsa2024/ros2_lab2/install/sam_bot_description/share/sam_bot_description/launch/display.launch.py
[0.364s] -- Up-to-date symlink: /home/trsa2024/ros2_lab2/install/sam_bot_description/share/sam_bot_description/rviz/urdf_config.rviz
[0.364s] -- Up-to-date symlink: /home/trsa2024/ros2_lab2/install/sam_bot_description/share/sam_bot_description/config/ekf.yaml
[0.365s] -- Up-to-date symlink: /home/trsa2024/ros2_lab2/install/sam_bot_description/share/sam_bot_description/config/nav2_params.yaml
[0.369s] -- Up-to-date symlink: /home/trsa2024/ros2_lab2/install/sam_bot_description/share/sam_bot_description/world/trsa_two_rooms.world
[0.369s] -- Up-to-date symlink: /home/trsa2024/ros2_lab2/install/sam_bot_description/share/ament_index/resource_index/package_run_dependencies/sam_bot_description
[0.370s] -- Up-to-date symlink: /home/trsa2024/ros2_lab2/install/sam_bot_description/share/ament_index/resource_index/parent_prefix_path/sam_bot_description
[0.370s] -- Up-to-date symlink: /home/trsa2024/ros2_lab2/install/sam_bot_description/share/sam_bot_description/environment/ament_prefix_path.sh
[0.370s] -- Up-to-date symlink: /home/trsa2024/ros2_lab2/install/sam_bot_description/share/sam_bot_description/environment/ament_prefix_path.dsv
[0.370s] -- Up-to-date symlink: /home/trsa2024/ros2_lab2/install/sam_bot_description/share/sam_bot_description/environment/path.sh
[0.370s] -- Up-to-date symlink: /home/trsa2024/ros2_lab2/install/sam_bot_description/share/sam_bot_description/environment/path.dsv
[0.370s] -- Up-to-date symlink: /home/trsa2024/ros2_lab2/install/sam_bot_description/share/sam_bot_description/local_setup.bash
[0.370s] -- Up-to-date symlink: /home/trsa2024/ros2_lab2/install/sam_bot_description/share/sam_bot_description/local_setup.sh
[0.370s] -- Up-to-date symlink: /home/trsa2024/ros2_lab2/install/sam_bot_description/share/sam_bot_description/local_setup.zsh
[0.370s] -- Up-to-date symlink: /home/trsa2024/ros2_lab2/install/sam_bot_description/share/sam_bot_description/local_setup.dsv
[0.370s] -- Symlinking: /home/trsa2024/ros2_lab2/install/sam_bot_description/share/sam_bot_description/package.dsv
[0.377s] -- Up-to-date symlink: /home/trsa2024/ros2_lab2/install/sam_bot_description/share/ament_index/resource_index/packages/sam_bot_description
[0.377s] -- Up-to-date symlink: /home/trsa2024/ros2_lab2/install/sam_bot_description/share/sam_bot_description/cmake/sam_bot_descriptionConfig.cmake
[0.377s] -- Up-to-date symlink: /home/trsa2024/ros2_lab2/install/sam_bot_description/share/sam_bot_description/cmake/sam_bot_descriptionConfig-version.cmake
[0.378s] -- Up-to-date symlink: /home/trsa2024/ros2_lab2/install/sam_bot_description/share/sam_bot_description/package.xml
[0.391s] Invoked command in '/home/trsa2024/ros2_lab2/build/sam_bot_description' returned '0': CMAKE_PREFIX_PATH=${CMAKE_PREFIX_PATH}:/home/trsa2024/ros2_lab2/install/robot_control:/home/trsa2024/ros2_lab2/install/my_robot_control:/opt/ros/humble /usr/bin/cmake --install /home/trsa2024/ros2_lab2/build/sam_bot_description
