[1.363s] Invoking command in '/home/trsa2024/ros2_lab2/src/robot_control': PYTHONPATH=/home/trsa2024/ros2_lab2/build/robot_control/prefix_override:/home/trsa2024/ros2_lab2/install/robot_control/lib/python3.10/site-packages:${PYTHONPATH} /usr/bin/python3 setup.py egg_info --egg-base ../../build/robot_control build --build-base /home/trsa2024/ros2_lab2/build/robot_control/build install --record /home/trsa2024/ros2_lab2/build/robot_control/install.log --single-version-externally-managed
[1.592s] running egg_info
[1.606s] writing ../../build/robot_control/robot_control.egg-info/PKG-INFO
[1.607s] writing dependency_links to ../../build/robot_control/robot_control.egg-info/dependency_links.txt
[1.608s] writing entry points to ../../build/robot_control/robot_control.egg-info/entry_points.txt
[1.608s] writing requirements to ../../build/robot_control/robot_control.egg-info/requires.txt
[1.609s] writing top-level names to ../../build/robot_control/robot_control.egg-info/top_level.txt
[1.637s] reading manifest file '../../build/robot_control/robot_control.egg-info/SOURCES.txt'
[1.638s] writing manifest file '../../build/robot_control/robot_control.egg-info/SOURCES.txt'
[1.638s] running build
[1.639s] running build_py
[1.639s] copying robot_control/goal_send.py -> /home/trsa2024/ros2_lab2/build/robot_control/build/lib/robot_control
[1.640s] copying robot_control/__init__.py -> /home/trsa2024/ros2_lab2/build/robot_control/build/lib/robot_control
[1.640s] running install
[1.640s] /home/trsa2024/.local/lib/python3.10/site-packages/setuptools/_distutils/cmd.py:66: SetuptoolsDeprecationWarning: setup.py install is deprecated.
[1.640s] !!
[1.640s] 
[1.641s]         ********************************************************************************
[1.641s]         Please avoid running ``setup.py`` directly.
[1.641s]         Instead, use pypa/build, pypa/installer or other
[1.641s]         standards-based tools.
[1.641s] 
[1.641s]         See https://blog.ganssle.io/articles/2021/10/setup-py-deprecated.html for details.
[1.641s]         ********************************************************************************
[1.641s] 
[1.642s] !!
[1.642s]   self.initialize_options()
[1.647s] running install_lib
[1.668s] running install_data
[1.680s] copying package.xml -> /home/trsa2024/ros2_lab2/install/robot_control/share/robot_control
[1.680s] running install_egg_info
[1.703s] removing '/home/trsa2024/ros2_lab2/install/robot_control/lib/python3.10/site-packages/robot_control-0.0.1-py3.10.egg-info' (and everything under it)
[1.705s] Copying ../../build/robot_control/robot_control.egg-info to /home/trsa2024/ros2_lab2/install/robot_control/lib/python3.10/site-packages/robot_control-0.0.1-py3.10.egg-info
[1.707s] running install_scripts
[1.870s] Installing goal_send script to /home/trsa2024/ros2_lab2/install/robot_control/lib/robot_control
[1.871s] writing list of installed files to '/home/trsa2024/ros2_lab2/build/robot_control/install.log'
[1.930s] Invoked command in '/home/trsa2024/ros2_lab2/src/robot_control' returned '0': PYTHONPATH=/home/trsa2024/ros2_lab2/build/robot_control/prefix_override:/home/trsa2024/ros2_lab2/install/robot_control/lib/python3.10/site-packages:${PYTHONPATH} /usr/bin/python3 setup.py egg_info --egg-base ../../build/robot_control build --build-base /home/trsa2024/ros2_lab2/build/robot_control/build install --record /home/trsa2024/ros2_lab2/build/robot_control/install.log --single-version-externally-managed
