running egg_info
creating ../../build/camera_pack/camera_pack.egg-info
writing ../../build/camera_pack/camera_pack.egg-info/PKG-INFO
writing dependency_links to ../../build/camera_pack/camera_pack.egg-info/dependency_links.txt
writing entry points to ../../build/camera_pack/camera_pack.egg-info/entry_points.txt
writing requirements to ../../build/camera_pack/camera_pack.egg-info/requires.txt
writing top-level names to ../../build/camera_pack/camera_pack.egg-info/top_level.txt
writing manifest file '../../build/camera_pack/camera_pack.egg-info/SOURCES.txt'
reading manifest file '../../build/camera_pack/camera_pack.egg-info/SOURCES.txt'
writing manifest file '../../build/camera_pack/camera_pack.egg-info/SOURCES.txt'
running build
running build_py
creating /home/trsa2024/ros2_lab2/build/camera_pack/build
creating /home/trsa2024/ros2_lab2/build/camera_pack/build/lib
creating /home/trsa2024/ros2_lab2/build/camera_pack/build/lib/camera_pack
copying camera_pack/__init__.py -> /home/trsa2024/ros2_lab2/build/camera_pack/build/lib/camera_pack
copying camera_pack/cone_detection.py -> /home/trsa2024/ros2_lab2/build/camera_pack/build/lib/camera_pack
running install
running install_lib
creating /home/trsa2024/ros2_lab2/install/camera_pack/lib/python3.10/site-packages/camera_pack
copying /home/trsa2024/ros2_lab2/build/camera_pack/build/lib/camera_pack/__init__.py -> /home/trsa2024/ros2_lab2/install/camera_pack/lib/python3.10/site-packages/camera_pack
copying /home/trsa2024/ros2_lab2/build/camera_pack/build/lib/camera_pack/cone_detection.py -> /home/trsa2024/ros2_lab2/install/camera_pack/lib/python3.10/site-packages/camera_pack
byte-compiling /home/trsa2024/ros2_lab2/install/camera_pack/lib/python3.10/site-packages/camera_pack/__init__.py to __init__.cpython-310.pyc
byte-compiling /home/trsa2024/ros2_lab2/install/camera_pack/lib/python3.10/site-packages/camera_pack/cone_detection.py to cone_detection.cpython-310.pyc
running install_data
creating /home/trsa2024/ros2_lab2/install/camera_pack/share/ament_index
creating /home/trsa2024/ros2_lab2/install/camera_pack/share/ament_index/resource_index
creating /home/trsa2024/ros2_lab2/install/camera_pack/share/ament_index/resource_index/packages
copying resource/camera_pack -> /home/trsa2024/ros2_lab2/install/camera_pack/share/ament_index/resource_index/packages
copying package.xml -> /home/trsa2024/ros2_lab2/install/camera_pack/share/camera_pack
running install_egg_info
Copying ../../build/camera_pack/camera_pack.egg-info to /home/trsa2024/ros2_lab2/install/camera_pack/lib/python3.10/site-packages/camera_pack-0.0.0-py3.10.egg-info
running install_scripts
Installing cone_detection script to /home/trsa2024/ros2_lab2/install/camera_pack/lib/camera_pack
writing list of installed files to '/home/trsa2024/ros2_lab2/build/camera_pack/install.log'
