[1.054s] Invoking command in '/home/trsa2024/ros2_lab2/src/camera_pack': PYTHONPATH=/home/trsa2024/ros2_lab2/build/camera_pack/prefix_override:/home/trsa2024/ros2_lab2/install/camera_pack/lib/python3.10/site-packages:${PYTHONPATH} /usr/bin/python3 setup.py egg_info --egg-base ../../build/camera_pack build --build-base /home/trsa2024/ros2_lab2/build/camera_pack/build install --record /home/trsa2024/ros2_lab2/build/camera_pack/install.log --single-version-externally-managed
[1.255s] running egg_info
[1.270s] writing ../../build/camera_pack/camera_pack.egg-info/PKG-INFO
[1.272s] writing dependency_links to ../../build/camera_pack/camera_pack.egg-info/dependency_links.txt
[1.272s] writing entry points to ../../build/camera_pack/camera_pack.egg-info/entry_points.txt
[1.272s] writing requirements to ../../build/camera_pack/camera_pack.egg-info/requires.txt
[1.272s] writing top-level names to ../../build/camera_pack/camera_pack.egg-info/top_level.txt
[1.308s] reading manifest file '../../build/camera_pack/camera_pack.egg-info/SOURCES.txt'
[1.310s] /home/trsa2024/.local/lib/python3.10/site-packages/setuptools/_distutils/cmd.py:66: SetuptoolsDeprecationWarning: setup.py install is deprecated.
[1.310s] !!
[1.310s] 
[1.310s]         ********************************************************************************
[1.310s]         Please avoid running ``setup.py`` directly.
[1.310s]         Instead, use pypa/build, pypa/installer or other
[1.310s]         standards-based tools.
[1.310s] 
[1.310s]         See https://blog.ganssle.io/articles/2021/10/setup-py-deprecated.html for details.
[1.310s]         ********************************************************************************
[1.310s] 
[1.311s] !!
[1.311s]   self.initialize_options()
[1.311s] writing manifest file '../../build/camera_pack/camera_pack.egg-info/SOURCES.txt'
[1.311s] running build
[1.311s] running build_py
[1.311s] copying camera_pack/__init__.py -> /home/trsa2024/ros2_lab2/build/camera_pack/build/lib/camera_pack
[1.311s] copying camera_pack/cone_detection.py -> /home/trsa2024/ros2_lab2/build/camera_pack/build/lib/camera_pack
[1.311s] running install
[1.316s] running install_lib
[1.330s] copying /home/trsa2024/ros2_lab2/build/camera_pack/build/lib/camera_pack/cone_detection.py -> /home/trsa2024/ros2_lab2/install/camera_pack/lib/python3.10/site-packages/camera_pack
[1.331s] byte-compiling /home/trsa2024/ros2_lab2/install/camera_pack/lib/python3.10/site-packages/camera_pack/cone_detection.py to cone_detection.cpython-310.pyc
[1.332s] running install_data
[1.345s] copying resource/camera_pack -> /home/trsa2024/ros2_lab2/install/camera_pack/share/ament_index/resource_index/packages
[1.345s] copying package.xml -> /home/trsa2024/ros2_lab2/install/camera_pack/share/camera_pack
[1.346s] running install_egg_info
[1.359s] removing '/home/trsa2024/ros2_lab2/install/camera_pack/lib/python3.10/site-packages/camera_pack-0.0.0-py3.10.egg-info' (and everything under it)
[1.359s] Copying ../../build/camera_pack/camera_pack.egg-info to /home/trsa2024/ros2_lab2/install/camera_pack/lib/python3.10/site-packages/camera_pack-0.0.0-py3.10.egg-info
[1.360s] running install_scripts
[1.488s] Installing cone_detection script to /home/trsa2024/ros2_lab2/install/camera_pack/lib/camera_pack
[1.489s] writing list of installed files to '/home/trsa2024/ros2_lab2/build/camera_pack/install.log'
[1.573s] Invoked command in '/home/trsa2024/ros2_lab2/src/camera_pack' returned '0': PYTHONPATH=/home/trsa2024/ros2_lab2/build/camera_pack/prefix_override:/home/trsa2024/ros2_lab2/install/camera_pack/lib/python3.10/site-packages:${PYTHONPATH} /usr/bin/python3 setup.py egg_info --egg-base ../../build/camera_pack build --build-base /home/trsa2024/ros2_lab2/build/camera_pack/build install --record /home/trsa2024/ros2_lab2/build/camera_pack/install.log --single-version-externally-managed
