[0.128s] Invoking command in '/home/trsa2024/ros2_lab2/build/goal_sender': CMAKE_PREFIX_PATH=${CMAKE_PREFIX_PATH}:/home/trsa2024/ros2_lab2/install/robot_control:/home/trsa2024/ros2_lab2/install/my_robot_control:/opt/ros/humble /usr/bin/cmake --build /home/trsa2024/ros2_lab2/build/goal_sender -- -j4 -l4
[0.157s] -- Found ament_cmake: 1.3.6 (/opt/ros/humble/share/ament_cmake/cmake)
[0.365s] -- Found geometry_msgs: 4.2.3 (/opt/ros/humble/share/geometry_msgs/cmake)
[0.394s] -- Found rosidl_generator_c: 3.1.5 (/opt/ros/humble/share/rosidl_generator_c/cmake)
[0.394s] -- Found rosidl_adapter: 3.1.5 (/opt/ros/humble/share/rosidl_adapter/cmake)
[0.407s] -- Found rosidl_generator_cpp: 3.1.5 (/opt/ros/humble/share/rosidl_generator_cpp/cmake)
[0.415s] -- Using all available rosidl_typesupport_c: rosidl_typesupport_fastrtps_c;rosidl_typesupport_introspection_c
[0.430s] -- Using all available rosidl_typesupport_cpp: rosidl_typesupport_fastrtps_cpp;rosidl_typesupport_introspection_cpp
[0.546s] -- Found rosidl_default_generators: 1.2.0 (/opt/ros/humble/share/rosidl_default_generators/cmake)
[0.553s] [31mCMake Error at /opt/ros/humble/share/rosidl_cmake/cmake/rosidl_generate_interfaces.cmake:93 (message):
[0.553s]   rosidl_generate_interfaces() the passed file 'msg/Num.msg' doesn't exist
[0.553s]   relative to the CMAKE_CURRENT_SOURCE_DIR
[0.553s]   '/home/trsa2024/ros2_lab2/src/goal_sender'
[0.553s] Call Stack (most recent call first):
[0.553s]   CMakeLists.txt:16 (rosidl_generate_interfaces)
[0.553s] 
[0.553s] [0m
[0.554s] -- Configuring incomplete, errors occurred!
[0.554s] See also "/home/trsa2024/ros2_lab2/build/goal_sender/CMakeFiles/CMakeOutput.log".
[0.561s] gmake: *** [Makefile:226: cmake_check_build_system] Error 1
[0.564s] Invoked command in '/home/trsa2024/ros2_lab2/build/goal_sender' returned '2': CMAKE_PREFIX_PATH=${CMAKE_PREFIX_PATH}:/home/trsa2024/ros2_lab2/install/robot_control:/home/trsa2024/ros2_lab2/install/my_robot_control:/opt/ros/humble /usr/bin/cmake --build /home/trsa2024/ros2_lab2/build/goal_sender -- -j4 -l4
