running egg_info
writing ../../build/camera_pack/camera_pack.egg-info/PKG-INFO
writing dependency_links to ../../build/camera_pack/camera_pack.egg-info/dependency_links.txt
writing entry points to ../../build/camera_pack/camera_pack.egg-info/entry_points.txt
writing requirements to ../../build/camera_pack/camera_pack.egg-info/requires.txt
writing top-level names to ../../build/camera_pack/camera_pack.egg-info/top_level.txt
reading manifest file '../../build/camera_pack/camera_pack.egg-info/SOURCES.txt'
writing manifest file '../../build/camera_pack/camera_pack.egg-info/SOURCES.txt'
running build
running build_py
/home/trsa2024/.local/lib/python3.10/site-packages/setuptools/_distutils/cmd.py:66: SetuptoolsDeprecationWarning: setup.py install is deprecated.
!!

        ********************************************************************************
        Please avoid running ``setup.py`` directly.
        Instead, use pypa/build, pypa/installer or other
        standards-based tools.

        See https://blog.ganssle.io/articles/2021/10/setup-py-deprecated.html for details.
        ********************************************************************************

!!
  self.initialize_options()
copying camera_pack/__init__.py -> /home/trsa2024/ros2_lab2/build/camera_pack/build/lib/camera_pack
copying camera_pack/cone_detection.py -> /home/trsa2024/ros2_lab2/build/camera_pack/build/lib/camera_pack
running install
running install_lib
copying /home/trsa2024/ros2_lab2/build/camera_pack/build/lib/camera_pack/cone_detection.py -> /home/trsa2024/ros2_lab2/install/camera_pack/lib/python3.10/site-packages/camera_pack
byte-compiling /home/trsa2024/ros2_lab2/install/camera_pack/lib/python3.10/site-packages/camera_pack/cone_detection.py to cone_detection.cpython-310.pyc
running install_data
copying resource/camera_pack -> /home/trsa2024/ros2_lab2/install/camera_pack/share/ament_index/resource_index/packages
copying package.xml -> /home/trsa2024/ros2_lab2/install/camera_pack/share/camera_pack
running install_egg_info
removing '/home/trsa2024/ros2_lab2/install/camera_pack/lib/python3.10/site-packages/camera_pack-0.0.0-py3.10.egg-info' (and everything under it)
Copying ../../build/camera_pack/camera_pack.egg-info to /home/trsa2024/ros2_lab2/install/camera_pack/lib/python3.10/site-packages/camera_pack-0.0.0-py3.10.egg-info
running install_scripts
Installing cone_detection script to /home/trsa2024/ros2_lab2/install/camera_pack/lib/camera_pack
writing list of installed files to '/home/trsa2024/ros2_lab2/build/camera_pack/install.log'
