[1.429s] Invoking command in '/home/trsa2024/ros2_lab2/src/camera_pack': PYTHONPATH=/home/trsa2024/ros2_lab2/build/camera_pack/prefix_override:/home/trsa2024/ros2_lab2/install/camera_pack/lib/python3.10/site-packages:${PYTHONPATH} /usr/bin/python3 setup.py egg_info --egg-base ../../build/camera_pack build --build-base /home/trsa2024/ros2_lab2/build/camera_pack/build install --record /home/trsa2024/ros2_lab2/build/camera_pack/install.log --single-version-externally-managed
[1.717s] running egg_info
[1.734s] writing ../../build/camera_pack/camera_pack.egg-info/PKG-INFO
[1.735s] writing dependency_links to ../../build/camera_pack/camera_pack.egg-info/dependency_links.txt
[1.740s] writing entry points to ../../build/camera_pack/camera_pack.egg-info/entry_points.txt
[1.740s] writing requirements to ../../build/camera_pack/camera_pack.egg-info/requires.txt
[1.742s] writing top-level names to ../../build/camera_pack/camera_pack.egg-info/top_level.txt
[1.786s] reading manifest file '../../build/camera_pack/camera_pack.egg-info/SOURCES.txt'
[1.794s] writing manifest file '../../build/camera_pack/camera_pack.egg-info/SOURCES.txt'
[1.795s] running build
[1.796s] running build_py
[1.796s] copying camera_pack/__init__.py -> /home/trsa2024/ros2_lab2/build/camera_pack/build/lib/camera_pack
[1.797s] copying camera_pack/cone_detection.py -> /home/trsa2024/ros2_lab2/build/camera_pack/build/lib/camera_pack
[1.798s] running install
[1.799s] /home/trsa2024/.local/lib/python3.10/site-packages/setuptools/_distutils/cmd.py:66: SetuptoolsDeprecationWarning: setup.py install is deprecated.
[1.799s] !!
[1.799s] 
[1.799s]         ********************************************************************************
[1.799s]         Please avoid running ``setup.py`` directly.
[1.799s]         Instead, use pypa/build, pypa/installer or other
[1.799s]         standards-based tools.
[1.799s] 
[1.799s]         See https://blog.ganssle.io/articles/2021/10/setup-py-deprecated.html for details.
[1.800s]         ********************************************************************************
[1.800s] 
[1.800s] !!
[1.800s]   self.initialize_options()
[1.812s] running install_lib
[1.832s] copying /home/trsa2024/ros2_lab2/build/camera_pack/build/lib/camera_pack/cone_detection.py -> /home/trsa2024/ros2_lab2/install/camera_pack/lib/python3.10/site-packages/camera_pack
[1.833s] byte-compiling /home/trsa2024/ros2_lab2/install/camera_pack/lib/python3.10/site-packages/camera_pack/cone_detection.py to cone_detection.cpython-310.pyc
[1.835s] running install_data
[1.853s] copying resource/camera_pack -> /home/trsa2024/ros2_lab2/install/camera_pack/share/ament_index/resource_index/packages
[1.854s] copying package.xml -> /home/trsa2024/ros2_lab2/install/camera_pack/share/camera_pack
[1.854s] running install_egg_info
[1.874s] removing '/home/trsa2024/ros2_lab2/install/camera_pack/lib/python3.10/site-packages/camera_pack-0.0.0-py3.10.egg-info' (and everything under it)
[1.881s] Copying ../../build/camera_pack/camera_pack.egg-info to /home/trsa2024/ros2_lab2/install/camera_pack/lib/python3.10/site-packages/camera_pack-0.0.0-py3.10.egg-info
[1.884s] running install_scripts
[2.053s] Installing cone_detection script to /home/trsa2024/ros2_lab2/install/camera_pack/lib/camera_pack
[2.054s] writing list of installed files to '/home/trsa2024/ros2_lab2/build/camera_pack/install.log'
[2.103s] Invoked command in '/home/trsa2024/ros2_lab2/src/camera_pack' returned '0': PYTHONPATH=/home/trsa2024/ros2_lab2/build/camera_pack/prefix_override:/home/trsa2024/ros2_lab2/install/camera_pack/lib/python3.10/site-packages:${PYTHONPATH} /usr/bin/python3 setup.py egg_info --egg-base ../../build/camera_pack build --build-base /home/trsa2024/ros2_lab2/build/camera_pack/build install --record /home/trsa2024/ros2_lab2/build/camera_pack/install.log --single-version-externally-managed
