running egg_info
creating ../../build/robot_control/robot_control.egg-info
writing ../../build/robot_control/robot_control.egg-info/PKG-INFO
writing dependency_links to ../../build/robot_control/robot_control.egg-info/dependency_links.txt
writing entry points to ../../build/robot_control/robot_control.egg-info/entry_points.txt
writing requirements to ../../build/robot_control/robot_control.egg-info/requires.txt
writing top-level names to ../../build/robot_control/robot_control.egg-info/top_level.txt
writing manifest file '../../build/robot_control/robot_control.egg-info/SOURCES.txt'
reading manifest file '../../build/robot_control/robot_control.egg-info/SOURCES.txt'
writing manifest file '../../build/robot_control/robot_control.egg-info/SOURCES.txt'
running build
running build_py
creating /home/trsa2024/ros2_lab2/build/robot_control/build
creating /home/trsa2024/ros2_lab2/build/robot_control/build/lib
creating /home/trsa2024/ros2_lab2/build/robot_control/build/lib/robot_control
copying robot_control/goal_send.py -> /home/trsa2024/ros2_lab2/build/robot_control/build/lib/robot_control
copying robot_control/__init__.py -> /home/trsa2024/ros2_lab2/build/robot_control/build/lib/robot_control
running install
running install_lib
creating /home/trsa2024/ros2_lab2/install/robot_control/lib/python3.10/site-packages/robot_control
copying /home/trsa2024/ros2_lab2/build/robot_control/build/lib/robot_control/goal_send.py -> /home/trsa2024/ros2_lab2/install/robot_control/lib/python3.10/site-packages/robot_control
copying /home/trsa2024/ros2_lab2/build/robot_control/build/lib/robot_control/__init__.py -> /home/trsa2024/ros2_lab2/install/robot_control/lib/python3.10/site-packages/robot_control
byte-compiling /home/trsa2024/ros2_lab2/install/robot_control/lib/python3.10/site-packages/robot_control/goal_send.py to goal_send.cpython-310.pyc
byte-compiling /home/trsa2024/ros2_lab2/install/robot_control/lib/python3.10/site-packages/robot_control/__init__.py to __init__.cpython-310.pyc
running install_data
copying package.xml -> /home/trsa2024/ros2_lab2/install/robot_control/share/robot_control
running install_egg_info
Copying ../../build/robot_control/robot_control.egg-info to /home/trsa2024/ros2_lab2/install/robot_control/lib/python3.10/site-packages/robot_control-0.0.1-py3.10.egg-info
running install_scripts
Installing send_goals script to /home/trsa2024/ros2_lab2/install/robot_control/lib/robot_control
writing list of installed files to '/home/trsa2024/ros2_lab2/build/robot_control/install.log'
