[0.705s] Invoking command in '/home/trsa2024/ros2_lab2/src/robot_control': PYTHONPATH=/home/trsa2024/ros2_lab2/build/robot_control/prefix_override:/home/trsa2024/ros2_lab2/install/robot_control/lib/python3.10/site-packages:${PYTHONPATH} /usr/bin/python3 setup.py egg_info --egg-base ../../build/robot_control build --build-base /home/trsa2024/ros2_lab2/build/robot_control/build install --record /home/trsa2024/ros2_lab2/build/robot_control/install.log --single-version-externally-managed
[0.874s] running egg_info
[0.875s] creating ../../build/robot_control/robot_control.egg-info
[0.886s] writing ../../build/robot_control/robot_control.egg-info/PKG-INFO
[0.886s] writing dependency_links to ../../build/robot_control/robot_control.egg-info/dependency_links.txt
[0.886s] writing entry points to ../../build/robot_control/robot_control.egg-info/entry_points.txt
[0.887s] writing requirements to ../../build/robot_control/robot_control.egg-info/requires.txt
[0.887s] writing top-level names to ../../build/robot_control/robot_control.egg-info/top_level.txt
[0.887s] writing manifest file '../../build/robot_control/robot_control.egg-info/SOURCES.txt'
[0.911s] reading manifest file '../../build/robot_control/robot_control.egg-info/SOURCES.txt'
[0.911s] writing manifest file '../../build/robot_control/robot_control.egg-info/SOURCES.txt'
[0.912s] running build
[0.912s] running build_py
[0.912s] creating /home/trsa2024/ros2_lab2/build/robot_control/build
[0.912s] creating /home/trsa2024/ros2_lab2/build/robot_control/build/lib
[0.912s] creating /home/trsa2024/ros2_lab2/build/robot_control/build/lib/robot_control
[0.913s] copying robot_control/goal_send.py -> /home/trsa2024/ros2_lab2/build/robot_control/build/lib/robot_control
[0.913s] copying robot_control/__init__.py -> /home/trsa2024/ros2_lab2/build/robot_control/build/lib/robot_control
[0.913s] running install
[0.913s] /home/trsa2024/.local/lib/python3.10/site-packages/setuptools/_distutils/cmd.py:66: SetuptoolsDeprecationWarning: setup.py install is deprecated.
[0.913s] !!
[0.913s] 
[0.913s]         ********************************************************************************
[0.913s]         Please avoid running ``setup.py`` directly.
[0.913s]         Instead, use pypa/build, pypa/installer or other
[0.913s]         standards-based tools.
[0.913s] 
[0.913s]         See https://blog.ganssle.io/articles/2021/10/setup-py-deprecated.html for details.
[0.913s]         ********************************************************************************
[0.913s] 
[0.913s] !!
[0.913s]   self.initialize_options()
[0.917s] running install_lib
[0.929s] creating /home/trsa2024/ros2_lab2/install/robot_control/lib/python3.10/site-packages/robot_control
[0.929s] copying /home/trsa2024/ros2_lab2/build/robot_control/build/lib/robot_control/goal_send.py -> /home/trsa2024/ros2_lab2/install/robot_control/lib/python3.10/site-packages/robot_control
[0.929s] copying /home/trsa2024/ros2_lab2/build/robot_control/build/lib/robot_control/__init__.py -> /home/trsa2024/ros2_lab2/install/robot_control/lib/python3.10/site-packages/robot_control
[0.929s] byte-compiling /home/trsa2024/ros2_lab2/install/robot_control/lib/python3.10/site-packages/robot_control/goal_send.py to goal_send.cpython-310.pyc
[0.930s] byte-compiling /home/trsa2024/ros2_lab2/install/robot_control/lib/python3.10/site-packages/robot_control/__init__.py to __init__.cpython-310.pyc
[0.930s] running install_data
[0.942s] copying package.xml -> /home/trsa2024/ros2_lab2/install/robot_control/share/robot_control
[0.942s] running install_egg_info
[0.955s] Copying ../../build/robot_control/robot_control.egg-info to /home/trsa2024/ros2_lab2/install/robot_control/lib/python3.10/site-packages/robot_control-0.0.1-py3.10.egg-info
[0.956s] running install_scripts
[1.074s] Installing send_goals script to /home/trsa2024/ros2_lab2/install/robot_control/lib/robot_control
[1.075s] writing list of installed files to '/home/trsa2024/ros2_lab2/build/robot_control/install.log'
[1.097s] Invoked command in '/home/trsa2024/ros2_lab2/src/robot_control' returned '0': PYTHONPATH=/home/trsa2024/ros2_lab2/build/robot_control/prefix_override:/home/trsa2024/ros2_lab2/install/robot_control/lib/python3.10/site-packages:${PYTHONPATH} /usr/bin/python3 setup.py egg_info --egg-base ../../build/robot_control build --build-base /home/trsa2024/ros2_lab2/build/robot_control/build install --record /home/trsa2024/ros2_lab2/build/robot_control/install.log --single-version-externally-managed
