[0.807s] DEBUG:colcon:Command line arguments: ['/usr/bin/colcon', 'build']
[0.807s] DEBUG:colcon:Parsed command line arguments: Namespace(log_base=None, log_level=None, verb_name='build', build_base='build', install_base='install', merge_install=False, symlink_install=False, test_result_base=None, continue_on_error=False, executor='parallel', parallel_workers=4, event_handlers=None, ignore_user_meta=False, metas=['./colcon.meta'], base_paths=['.'], packages_ignore=None, packages_ignore_regex=None, paths=None, packages_up_to=None, packages_up_to_regex=None, packages_above=None, packages_above_and_dependencies=None, packages_above_depth=None, packages_select_by_dep=None, packages_skip_by_dep=None, packages_skip_up_to=None, packages_select_build_failed=False, packages_skip_build_finished=False, packages_select_test_failures=False, packages_skip_test_passed=False, packages_select=None, packages_skip=None, packages_select_regex=None, packages_skip_regex=None, packages_start=None, packages_end=None, allow_overriding=[], cmake_args=None, cmake_target=None, cmake_target_skip_unavailable=False, cmake_clean_cache=False, cmake_clean_first=False, cmake_force_configure=False, ament_cmake_args=None, catkin_cmake_args=None, catkin_skip_building_tests=False, verb_parser=<colcon_defaults.argument_parser.defaults.DefaultArgumentsDecorator object at 0x7f6609fd1f90>, verb_extension=<colcon_core.verb.build.BuildVerb object at 0x7f660a112530>, main=<bound method BuildVerb.main of <colcon_core.verb.build.BuildVerb object at 0x7f660a112530>>)
[0.900s] Level 1:colcon.colcon_core.package_discovery:discover_packages(colcon_meta) check parameters
[0.900s] Level 1:colcon.colcon_core.package_discovery:discover_packages(recursive) check parameters
[0.900s] Level 1:colcon.colcon_core.package_discovery:discover_packages(ignore) check parameters
[0.900s] Level 1:colcon.colcon_core.package_discovery:discover_packages(path) check parameters
[0.900s] Level 1:colcon.colcon_core.package_discovery:discover_packages(colcon_meta) discover
[0.900s] Level 1:colcon.colcon_core.package_discovery:discover_packages(recursive) discover
[0.900s] INFO:colcon.colcon_core.package_discovery:Crawling recursively for packages in '/home/trsa2024/ros2_lab2'
[0.900s] Level 1:colcon.colcon_core.package_identification:_identify(.) by extensions ['ignore', 'ignore_ament_install']
[0.900s] Level 1:colcon.colcon_core.package_identification:_identify(.) by extension 'ignore'
[0.901s] Level 1:colcon.colcon_core.package_identification:_identify(.) by extension 'ignore_ament_install'
[0.901s] Level 1:colcon.colcon_core.package_identification:_identify(.) by extensions ['colcon_pkg']
[0.901s] Level 1:colcon.colcon_core.package_identification:_identify(.) by extension 'colcon_pkg'
[0.901s] Level 1:colcon.colcon_core.package_identification:_identify(.) by extensions ['colcon_meta']
[0.901s] Level 1:colcon.colcon_core.package_identification:_identify(.) by extension 'colcon_meta'
[0.901s] Level 1:colcon.colcon_core.package_identification:_identify(.) by extensions ['ros']
[0.901s] Level 1:colcon.colcon_core.package_identification:_identify(.) by extension 'ros'
[0.912s] Level 1:colcon.colcon_core.package_identification:_identify(.) by extensions ['cmake', 'python']
[0.912s] Level 1:colcon.colcon_core.package_identification:_identify(.) by extension 'cmake'
[0.912s] Level 1:colcon.colcon_core.package_identification:_identify(.) by extension 'python'
[0.912s] Level 1:colcon.colcon_core.package_identification:_identify(.) by extensions ['python_setup_py']
[0.912s] Level 1:colcon.colcon_core.package_identification:_identify(.) by extension 'python_setup_py'
[0.913s] Level 1:colcon.colcon_core.package_identification:_identify(build) by extensions ['ignore', 'ignore_ament_install']
[0.913s] Level 1:colcon.colcon_core.package_identification:_identify(build) by extension 'ignore'
[0.913s] Level 1:colcon.colcon_core.package_identification:_identify(build) ignored
[0.913s] Level 1:colcon.colcon_core.package_identification:_identify(install) by extensions ['ignore', 'ignore_ament_install']
[0.913s] Level 1:colcon.colcon_core.package_identification:_identify(install) by extension 'ignore'
[0.913s] Level 1:colcon.colcon_core.package_identification:_identify(install) ignored
[0.913s] Level 1:colcon.colcon_core.package_identification:_identify(log) by extensions ['ignore', 'ignore_ament_install']
[0.913s] Level 1:colcon.colcon_core.package_identification:_identify(log) by extension 'ignore'
[0.913s] Level 1:colcon.colcon_core.package_identification:_identify(log) ignored
[0.913s] Level 1:colcon.colcon_core.package_identification:_identify(map) by extensions ['ignore', 'ignore_ament_install']
[0.914s] Level 1:colcon.colcon_core.package_identification:_identify(map) by extension 'ignore'
[0.914s] Level 1:colcon.colcon_core.package_identification:_identify(map) by extension 'ignore_ament_install'
[0.914s] Level 1:colcon.colcon_core.package_identification:_identify(map) by extensions ['colcon_pkg']
[0.914s] Level 1:colcon.colcon_core.package_identification:_identify(map) by extension 'colcon_pkg'
[0.914s] Level 1:colcon.colcon_core.package_identification:_identify(map) by extensions ['colcon_meta']
[0.914s] Level 1:colcon.colcon_core.package_identification:_identify(map) by extension 'colcon_meta'
[0.914s] Level 1:colcon.colcon_core.package_identification:_identify(map) by extensions ['ros']
[0.914s] Level 1:colcon.colcon_core.package_identification:_identify(map) by extension 'ros'
[0.914s] Level 1:colcon.colcon_core.package_identification:_identify(map) by extensions ['cmake', 'python']
[0.914s] Level 1:colcon.colcon_core.package_identification:_identify(map) by extension 'cmake'
[0.914s] Level 1:colcon.colcon_core.package_identification:_identify(map) by extension 'python'
[0.914s] Level 1:colcon.colcon_core.package_identification:_identify(map) by extensions ['python_setup_py']
[0.914s] Level 1:colcon.colcon_core.package_identification:_identify(map) by extension 'python_setup_py'
[0.914s] Level 1:colcon.colcon_core.package_identification:_identify(src) by extensions ['ignore', 'ignore_ament_install']
[0.914s] Level 1:colcon.colcon_core.package_identification:_identify(src) by extension 'ignore'
[0.915s] Level 1:colcon.colcon_core.package_identification:_identify(src) by extension 'ignore_ament_install'
[0.915s] Level 1:colcon.colcon_core.package_identification:_identify(src) by extensions ['colcon_pkg']
[0.915s] Level 1:colcon.colcon_core.package_identification:_identify(src) by extension 'colcon_pkg'
[0.915s] Level 1:colcon.colcon_core.package_identification:_identify(src) by extensions ['colcon_meta']
[0.915s] Level 1:colcon.colcon_core.package_identification:_identify(src) by extension 'colcon_meta'
[0.915s] Level 1:colcon.colcon_core.package_identification:_identify(src) by extensions ['ros']
[0.915s] Level 1:colcon.colcon_core.package_identification:_identify(src) by extension 'ros'
[0.915s] Level 1:colcon.colcon_core.package_identification:_identify(src) by extensions ['cmake', 'python']
[0.915s] Level 1:colcon.colcon_core.package_identification:_identify(src) by extension 'cmake'
[0.915s] Level 1:colcon.colcon_core.package_identification:_identify(src) by extension 'python'
[0.915s] Level 1:colcon.colcon_core.package_identification:_identify(src) by extensions ['python_setup_py']
[0.915s] Level 1:colcon.colcon_core.package_identification:_identify(src) by extension 'python_setup_py'
[0.915s] Level 1:colcon.colcon_core.package_identification:_identify(src/robot_control) by extensions ['ignore', 'ignore_ament_install']
[0.915s] Level 1:colcon.colcon_core.package_identification:_identify(src/robot_control) by extension 'ignore'
[0.915s] Level 1:colcon.colcon_core.package_identification:_identify(src/robot_control) by extension 'ignore_ament_install'
[0.915s] Level 1:colcon.colcon_core.package_identification:_identify(src/robot_control) by extensions ['colcon_pkg']
[0.915s] Level 1:colcon.colcon_core.package_identification:_identify(src/robot_control) by extension 'colcon_pkg'
[0.915s] Level 1:colcon.colcon_core.package_identification:_identify(src/robot_control) by extensions ['colcon_meta']
[0.915s] Level 1:colcon.colcon_core.package_identification:_identify(src/robot_control) by extension 'colcon_meta'
[0.916s] Level 1:colcon.colcon_core.package_identification:_identify(src/robot_control) by extensions ['ros']
[0.916s] Level 1:colcon.colcon_core.package_identification:_identify(src/robot_control) by extension 'ros'
[0.919s] DEBUG:colcon.colcon_core.package_identification:Package 'src/robot_control' with type 'ros.ament_python' and name 'robot_control'
[0.919s] Level 1:colcon.colcon_core.package_identification:_identify(src/sam_bot_description) by extensions ['ignore', 'ignore_ament_install']
[0.919s] Level 1:colcon.colcon_core.package_identification:_identify(src/sam_bot_description) by extension 'ignore'
[0.919s] Level 1:colcon.colcon_core.package_identification:_identify(src/sam_bot_description) by extension 'ignore_ament_install'
[0.919s] Level 1:colcon.colcon_core.package_identification:_identify(src/sam_bot_description) by extensions ['colcon_pkg']
[0.919s] Level 1:colcon.colcon_core.package_identification:_identify(src/sam_bot_description) by extension 'colcon_pkg'
[0.919s] Level 1:colcon.colcon_core.package_identification:_identify(src/sam_bot_description) by extensions ['colcon_meta']
[0.919s] Level 1:colcon.colcon_core.package_identification:_identify(src/sam_bot_description) by extension 'colcon_meta'
[0.920s] Level 1:colcon.colcon_core.package_identification:_identify(src/sam_bot_description) by extensions ['ros']
[0.920s] Level 1:colcon.colcon_core.package_identification:_identify(src/sam_bot_description) by extension 'ros'
[0.920s] DEBUG:colcon.colcon_core.package_identification:Package 'src/sam_bot_description' with type 'ros.ament_cmake' and name 'sam_bot_description'
[0.920s] Level 1:colcon.colcon_core.package_discovery:discover_packages(recursive) using defaults
[0.920s] Level 1:colcon.colcon_core.package_discovery:discover_packages(ignore) discover
[0.920s] Level 1:colcon.colcon_core.package_discovery:discover_packages(ignore) using defaults
[0.920s] Level 1:colcon.colcon_core.package_discovery:discover_packages(path) discover
[0.920s] Level 1:colcon.colcon_core.package_discovery:discover_packages(path) using defaults
[0.999s] Level 1:colcon.colcon_core.package_discovery:discover_packages(prefix_path) check parameters
[0.999s] Level 1:colcon.colcon_core.package_discovery:discover_packages(prefix_path) discover
[1.026s] DEBUG:colcon.colcon_installed_package_information.package_discovery:Found 339 installed packages in /opt/ros/humble
[1.028s] Level 1:colcon.colcon_core.package_discovery:discover_packages(prefix_path) using defaults
[1.098s] Level 5:colcon.colcon_core.verb:set package 'robot_control' build argument 'cmake_args' from command line to 'None'
[1.098s] Level 5:colcon.colcon_core.verb:set package 'robot_control' build argument 'cmake_target' from command line to 'None'
[1.098s] Level 5:colcon.colcon_core.verb:set package 'robot_control' build argument 'cmake_target_skip_unavailable' from command line to 'False'
[1.098s] Level 5:colcon.colcon_core.verb:set package 'robot_control' build argument 'cmake_clean_cache' from command line to 'False'
[1.098s] Level 5:colcon.colcon_core.verb:set package 'robot_control' build argument 'cmake_clean_first' from command line to 'False'
[1.098s] Level 5:colcon.colcon_core.verb:set package 'robot_control' build argument 'cmake_force_configure' from command line to 'False'
[1.098s] Level 5:colcon.colcon_core.verb:set package 'robot_control' build argument 'ament_cmake_args' from command line to 'None'
[1.098s] Level 5:colcon.colcon_core.verb:set package 'robot_control' build argument 'catkin_cmake_args' from command line to 'None'
[1.098s] Level 5:colcon.colcon_core.verb:set package 'robot_control' build argument 'catkin_skip_building_tests' from command line to 'False'
[1.098s] DEBUG:colcon.colcon_core.verb:Building package 'robot_control' with the following arguments: {'ament_cmake_args': None, 'build_base': '/home/trsa2024/ros2_lab2/build/robot_control', 'catkin_cmake_args': None, 'catkin_skip_building_tests': False, 'cmake_args': None, 'cmake_clean_cache': False, 'cmake_clean_first': False, 'cmake_force_configure': False, 'cmake_target': None, 'cmake_target_skip_unavailable': False, 'install_base': '/home/trsa2024/ros2_lab2/install/robot_control', 'merge_install': False, 'path': '/home/trsa2024/ros2_lab2/src/robot_control', 'symlink_install': False, 'test_result_base': None}
[1.110s] Level 5:colcon.colcon_core.verb:set package 'sam_bot_description' build argument 'cmake_args' from command line to 'None'
[1.110s] Level 5:colcon.colcon_core.verb:set package 'sam_bot_description' build argument 'cmake_target' from command line to 'None'
[1.110s] Level 5:colcon.colcon_core.verb:set package 'sam_bot_description' build argument 'cmake_target_skip_unavailable' from command line to 'False'
[1.110s] Level 5:colcon.colcon_core.verb:set package 'sam_bot_description' build argument 'cmake_clean_cache' from command line to 'False'
[1.110s] Level 5:colcon.colcon_core.verb:set package 'sam_bot_description' build argument 'cmake_clean_first' from command line to 'False'
[1.110s] Level 5:colcon.colcon_core.verb:set package 'sam_bot_description' build argument 'cmake_force_configure' from command line to 'False'
[1.110s] Level 5:colcon.colcon_core.verb:set package 'sam_bot_description' build argument 'ament_cmake_args' from command line to 'None'
[1.110s] Level 5:colcon.colcon_core.verb:set package 'sam_bot_description' build argument 'catkin_cmake_args' from command line to 'None'
[1.110s] Level 5:colcon.colcon_core.verb:set package 'sam_bot_description' build argument 'catkin_skip_building_tests' from command line to 'False'
[1.110s] DEBUG:colcon.colcon_core.verb:Building package 'sam_bot_description' with the following arguments: {'ament_cmake_args': None, 'build_base': '/home/trsa2024/ros2_lab2/build/sam_bot_description', 'catkin_cmake_args': None, 'catkin_skip_building_tests': False, 'cmake_args': None, 'cmake_clean_cache': False, 'cmake_clean_first': False, 'cmake_force_configure': False, 'cmake_target': None, 'cmake_target_skip_unavailable': False, 'install_base': '/home/trsa2024/ros2_lab2/install/sam_bot_description', 'merge_install': False, 'path': '/home/trsa2024/ros2_lab2/src/sam_bot_description', 'symlink_install': False, 'test_result_base': None}
[1.123s] INFO:colcon.colcon_core.executor:Executing jobs using 'parallel' executor
[1.135s] DEBUG:colcon.colcon_parallel_executor.executor.parallel:run_until_complete
[1.136s] INFO:colcon.colcon_ros.task.ament_python.build:Building ROS package in '/home/trsa2024/ros2_lab2/src/robot_control' with build type 'ament_python'
[1.136s] Level 1:colcon.colcon_core.shell:create_environment_hook('robot_control', 'ament_prefix_path')
[1.152s] INFO:colcon.colcon_core.plugin_system:Skipping extension 'colcon_core.shell.bat': Not used on non-Windows systems
[1.152s] INFO:colcon.colcon_core.shell:Creating environment hook '/home/trsa2024/ros2_lab2/install/robot_control/share/robot_control/hook/ament_prefix_path.ps1'
[1.153s] INFO:colcon.colcon_core.shell:Creating environment descriptor '/home/trsa2024/ros2_lab2/install/robot_control/share/robot_control/hook/ament_prefix_path.dsv'
[1.154s] INFO:colcon.colcon_core.shell:Creating environment hook '/home/trsa2024/ros2_lab2/install/robot_control/share/robot_control/hook/ament_prefix_path.sh'
[1.166s] INFO:colcon.colcon_core.shell:Skip shell extension 'powershell' for command environment: Not usable outside of PowerShell
[1.166s] DEBUG:colcon.colcon_core.shell:Skip shell extension 'dsv' for command environment
[1.192s] INFO:colcon.colcon_ros.task.ament_cmake.build:Building ROS package in '/home/trsa2024/ros2_lab2/src/sam_bot_description' with build type 'ament_cmake'
[1.192s] INFO:colcon.colcon_cmake.task.cmake.build:Building CMake package in '/home/trsa2024/ros2_lab2/src/sam_bot_description'
[1.205s] INFO:colcon.colcon_core.shell:Skip shell extension 'powershell' for command environment: Not usable outside of PowerShell
[1.205s] DEBUG:colcon.colcon_core.shell:Skip shell extension 'dsv' for command environment
[1.391s] WARNING:colcon.colcon_ros.task.ament_python.build:Package 'robot_control' doesn't explicitly install a marker in the package index (colcon-ros currently does it implicitly but that fallback will be removed in the future)
[1.392s] WARNING:colcon.colcon_ros.task.ament_python.build:Package 'robot_control' doesn't explicitly install the 'package.xml' file (colcon-ros currently does it implicitly but that fallback will be removed in the future)
[1.392s] INFO:colcon.colcon_core.task.python.build:Building Python package in '/home/trsa2024/ros2_lab2/src/robot_control'
[1.404s] INFO:colcon.colcon_core.shell:Skip shell extension 'powershell' for command environment: Not usable outside of PowerShell
[1.405s] DEBUG:colcon.colcon_core.shell:Skip shell extension 'dsv' for command environment
[1.437s] DEBUG:colcon.colcon_core.event_handler.log_command:Invoking command in '/home/trsa2024/ros2_lab2/build/sam_bot_description': CMAKE_PREFIX_PATH=/opt/ros/humble /usr/bin/cmake --build /home/trsa2024/ros2_lab2/build/sam_bot_description -- -j4 -l4
[1.506s] DEBUG:colcon.colcon_core.event_handler.log_command:Invoked command in '/home/trsa2024/ros2_lab2/build/sam_bot_description' returned '0': CMAKE_PREFIX_PATH=/opt/ros/humble /usr/bin/cmake --build /home/trsa2024/ros2_lab2/build/sam_bot_description -- -j4 -l4
[1.539s] DEBUG:colcon.colcon_core.event_handler.log_command:Invoking command in '/home/trsa2024/ros2_lab2/build/sam_bot_description': CMAKE_PREFIX_PATH=/opt/ros/humble /usr/bin/cmake --install /home/trsa2024/ros2_lab2/build/sam_bot_description
[1.568s] Level 1:colcon.colcon_core.environment:create_environment_scripts_only(sam_bot_description)
[1.568s] DEBUG:colcon.colcon_core.event_handler.log_command:Invoked command in '/home/trsa2024/ros2_lab2/build/sam_bot_description' returned '0': CMAKE_PREFIX_PATH=/opt/ros/humble /usr/bin/cmake --install /home/trsa2024/ros2_lab2/build/sam_bot_description
[1.586s] Level 1:colcon.colcon_core.environment:checking '/home/trsa2024/ros2_lab2/install/sam_bot_description' for CMake module files
[1.587s] Level 1:colcon.colcon_core.environment:checking '/home/trsa2024/ros2_lab2/install/sam_bot_description' for CMake config files
[1.587s] Level 1:colcon.colcon_core.shell:create_environment_hook('sam_bot_description', 'cmake_prefix_path')
[1.600s] INFO:colcon.colcon_core.shell:Creating environment hook '/home/trsa2024/ros2_lab2/install/sam_bot_description/share/sam_bot_description/hook/cmake_prefix_path.ps1'
[1.600s] INFO:colcon.colcon_core.shell:Creating environment descriptor '/home/trsa2024/ros2_lab2/install/sam_bot_description/share/sam_bot_description/hook/cmake_prefix_path.dsv'
[1.601s] INFO:colcon.colcon_core.shell:Creating environment hook '/home/trsa2024/ros2_lab2/install/sam_bot_description/share/sam_bot_description/hook/cmake_prefix_path.sh'
[1.601s] Level 1:colcon.colcon_core.environment:checking '/home/trsa2024/ros2_lab2/install/sam_bot_description/bin'
[1.601s] Level 1:colcon.colcon_core.environment:checking '/home/trsa2024/ros2_lab2/install/sam_bot_description/lib/pkgconfig/sam_bot_description.pc'
[1.601s] Level 1:colcon.colcon_core.environment:checking '/home/trsa2024/ros2_lab2/install/sam_bot_description/lib/python3.10/site-packages'
[1.602s] Level 1:colcon.colcon_core.environment:checking '/home/trsa2024/ros2_lab2/install/sam_bot_description/bin'
[1.613s] INFO:colcon.colcon_core.shell:Creating package script '/home/trsa2024/ros2_lab2/install/sam_bot_description/share/sam_bot_description/package.ps1'
[1.615s] INFO:colcon.colcon_core.shell:Creating package descriptor '/home/trsa2024/ros2_lab2/install/sam_bot_description/share/sam_bot_description/package.dsv'
[1.615s] INFO:colcon.colcon_core.shell:Creating package script '/home/trsa2024/ros2_lab2/install/sam_bot_description/share/sam_bot_description/package.sh'
[1.616s] INFO:colcon.colcon_core.shell:Creating package script '/home/trsa2024/ros2_lab2/install/sam_bot_description/share/sam_bot_description/package.bash'
[1.617s] INFO:colcon.colcon_core.shell:Creating package script '/home/trsa2024/ros2_lab2/install/sam_bot_description/share/sam_bot_description/package.zsh'
[1.618s] Level 1:colcon.colcon_core.environment:create_file_with_runtime_dependencies(/home/trsa2024/ros2_lab2/install/sam_bot_description/share/colcon-core/packages/sam_bot_description)
[1.653s] Level 1:colcon.colcon_core.environment:create_environment_scripts_only(sam_bot_description)
[1.664s] Level 1:colcon.colcon_core.environment:checking '/home/trsa2024/ros2_lab2/install/sam_bot_description' for CMake module files
[1.665s] Level 1:colcon.colcon_core.environment:checking '/home/trsa2024/ros2_lab2/install/sam_bot_description' for CMake config files
[1.665s] Level 1:colcon.colcon_core.shell:create_environment_hook('sam_bot_description', 'cmake_prefix_path')
[1.677s] INFO:colcon.colcon_core.shell:Creating environment hook '/home/trsa2024/ros2_lab2/install/sam_bot_description/share/sam_bot_description/hook/cmake_prefix_path.ps1'
[1.677s] INFO:colcon.colcon_core.shell:Creating environment descriptor '/home/trsa2024/ros2_lab2/install/sam_bot_description/share/sam_bot_description/hook/cmake_prefix_path.dsv'
[1.678s] INFO:colcon.colcon_core.shell:Creating environment hook '/home/trsa2024/ros2_lab2/install/sam_bot_description/share/sam_bot_description/hook/cmake_prefix_path.sh'
[1.678s] Level 1:colcon.colcon_core.environment:checking '/home/trsa2024/ros2_lab2/install/sam_bot_description/bin'
[1.678s] Level 1:colcon.colcon_core.environment:checking '/home/trsa2024/ros2_lab2/install/sam_bot_description/lib/pkgconfig/sam_bot_description.pc'
[1.679s] Level 1:colcon.colcon_core.environment:checking '/home/trsa2024/ros2_lab2/install/sam_bot_description/lib/python3.10/site-packages'
[1.679s] Level 1:colcon.colcon_core.environment:checking '/home/trsa2024/ros2_lab2/install/sam_bot_description/bin'
[1.691s] INFO:colcon.colcon_core.shell:Creating package script '/home/trsa2024/ros2_lab2/install/sam_bot_description/share/sam_bot_description/package.ps1'
[1.691s] INFO:colcon.colcon_core.shell:Creating package descriptor '/home/trsa2024/ros2_lab2/install/sam_bot_description/share/sam_bot_description/package.dsv'
[1.692s] INFO:colcon.colcon_core.shell:Creating package script '/home/trsa2024/ros2_lab2/install/sam_bot_description/share/sam_bot_description/package.sh'
[1.692s] INFO:colcon.colcon_core.shell:Creating package script '/home/trsa2024/ros2_lab2/install/sam_bot_description/share/sam_bot_description/package.bash'
[1.693s] INFO:colcon.colcon_core.shell:Creating package script '/home/trsa2024/ros2_lab2/install/sam_bot_description/share/sam_bot_description/package.zsh'
[1.693s] Level 1:colcon.colcon_core.environment:create_file_with_runtime_dependencies(/home/trsa2024/ros2_lab2/install/sam_bot_description/share/colcon-core/packages/sam_bot_description)
[1.901s] DEBUG:colcon.colcon_core.event_handler.log_command:Invoking command in '/home/trsa2024/ros2_lab2/src/robot_control': PYTHONPATH=/home/trsa2024/ros2_lab2/build/robot_control/prefix_override:/home/trsa2024/ros2_lab2/install/robot_control/lib/python3.10/site-packages:${PYTHONPATH} /usr/bin/python3 setup.py egg_info --egg-base ../../build/robot_control build --build-base /home/trsa2024/ros2_lab2/build/robot_control/build install --record /home/trsa2024/ros2_lab2/build/robot_control/install.log --single-version-externally-managed
[2.112s] DEBUG:colcon.colcon_core.event_handler.log_command:Invoked command in '/home/trsa2024/ros2_lab2/src/robot_control' returned '1': PYTHONPATH=/home/trsa2024/ros2_lab2/build/robot_control/prefix_override:/home/trsa2024/ros2_lab2/install/robot_control/lib/python3.10/site-packages:${PYTHONPATH} /usr/bin/python3 setup.py egg_info --egg-base ../../build/robot_control build --build-base /home/trsa2024/ros2_lab2/build/robot_control/build install --record /home/trsa2024/ros2_lab2/build/robot_control/install.log --single-version-externally-managed
[2.121s] DEBUG:colcon.colcon_parallel_executor.executor.parallel:closing loop
[2.122s] DEBUG:colcon.colcon_parallel_executor.executor.parallel:loop closed
[2.122s] DEBUG:colcon.colcon_parallel_executor.executor.parallel:run_until_complete finished with '1'
[2.122s] DEBUG:colcon.colcon_core.event_reactor:joining thread
[2.143s] INFO:colcon.colcon_core.plugin_system:Skipping extension 'colcon_notification.desktop_notification.terminal_notifier': Not used on non-Darwin systems
[2.143s] INFO:colcon.colcon_core.plugin_system:Skipping extension 'colcon_notification.desktop_notification.win32': Not used on non-Windows systems
[2.143s] INFO:colcon.colcon_notification.desktop_notification:Sending desktop notification using 'notify2'
[2.165s] DEBUG:colcon.colcon_core.event_reactor:joined thread
[2.177s] INFO:colcon.colcon_core.shell:Creating prefix script '/home/trsa2024/ros2_lab2/install/local_setup.ps1'
[2.179s] INFO:colcon.colcon_core.shell:Creating prefix util module '/home/trsa2024/ros2_lab2/install/_local_setup_util_ps1.py'
[2.180s] INFO:colcon.colcon_core.shell:Creating prefix chain script '/home/trsa2024/ros2_lab2/install/setup.ps1'
[2.194s] INFO:colcon.colcon_core.shell:Creating prefix script '/home/trsa2024/ros2_lab2/install/local_setup.sh'
[2.195s] INFO:colcon.colcon_core.shell:Creating prefix util module '/home/trsa2024/ros2_lab2/install/_local_setup_util_sh.py'
[2.195s] INFO:colcon.colcon_core.shell:Creating prefix chain script '/home/trsa2024/ros2_lab2/install/setup.sh'
[2.208s] INFO:colcon.colcon_core.shell:Creating prefix script '/home/trsa2024/ros2_lab2/install/local_setup.bash'
[2.209s] INFO:colcon.colcon_core.shell:Creating prefix chain script '/home/trsa2024/ros2_lab2/install/setup.bash'
[2.221s] INFO:colcon.colcon_core.shell:Creating prefix script '/home/trsa2024/ros2_lab2/install/local_setup.zsh'
[2.222s] INFO:colcon.colcon_core.shell:Creating prefix chain script '/home/trsa2024/ros2_lab2/install/setup.zsh'
