[0.825s] Invoking command in '/home/trsa2024/ros2_lab2/src/robot_control': PYTHONPATH=/home/trsa2024/ros2_lab2/build/robot_control/prefix_override:/home/trsa2024/ros2_lab2/install/robot_control/lib/python3.10/site-packages:${PYTHONPATH} /usr/bin/python3 setup.py egg_info --egg-base ../../build/robot_control build --build-base /home/trsa2024/ros2_lab2/build/robot_control/build install --record /home/trsa2024/ros2_lab2/build/robot_control/install.log --single-version-externally-managed
[1.007s] running egg_info
[1.020s] writing ../../build/robot_control/robot_control.egg-info/PKG-INFO
[1.020s] writing dependency_links to ../../build/robot_control/robot_control.egg-info/dependency_links.txt
[1.021s] writing entry points to ../../build/robot_control/robot_control.egg-info/entry_points.txt
[1.021s] writing requirements to ../../build/robot_control/robot_control.egg-info/requires.txt
[1.021s] writing top-level names to ../../build/robot_control/robot_control.egg-info/top_level.txt
[1.048s] reading manifest file '../../build/robot_control/robot_control.egg-info/SOURCES.txt'
[1.048s] writing manifest file '../../build/robot_control/robot_control.egg-info/SOURCES.txt'
[1.049s] running build
[1.049s] running build_py
[1.049s] copying robot_control/goal_send.py -> /home/trsa2024/ros2_lab2/build/robot_control/build/lib/robot_control
[1.049s] copying robot_control/__init__.py -> /home/trsa2024/ros2_lab2/build/robot_control/build/lib/robot_control
[1.049s] running install
[1.050s] /home/trsa2024/.local/lib/python3.10/site-packages/setuptools/_distutils/cmd.py:66: SetuptoolsDeprecationWarning: setup.py install is deprecated.
[1.050s] !!
[1.050s] 
[1.050s]         ********************************************************************************
[1.050s]         Please avoid running ``setup.py`` directly.
[1.050s]         Instead, use pypa/build, pypa/installer or other
[1.050s]         standards-based tools.
[1.050s] 
[1.050s]         See https://blog.ganssle.io/articles/2021/10/setup-py-deprecated.html for details.
[1.050s]         ********************************************************************************
[1.050s] 
[1.050s] !!
[1.050s]   self.initialize_options()
[1.054s] running install_lib
[1.067s] copying /home/trsa2024/ros2_lab2/build/robot_control/build/lib/robot_control/goal_send.py -> /home/trsa2024/ros2_lab2/install/robot_control/lib/python3.10/site-packages/robot_control
[1.068s] byte-compiling /home/trsa2024/ros2_lab2/install/robot_control/lib/python3.10/site-packages/robot_control/goal_send.py to goal_send.cpython-310.pyc
[1.068s] running install_data
[1.081s] copying package.xml -> /home/trsa2024/ros2_lab2/install/robot_control/share/robot_control
[1.081s] running install_egg_info
[1.095s] removing '/home/trsa2024/ros2_lab2/install/robot_control/lib/python3.10/site-packages/robot_control-0.0.1-py3.10.egg-info' (and everything under it)
[1.096s] Copying ../../build/robot_control/robot_control.egg-info to /home/trsa2024/ros2_lab2/install/robot_control/lib/python3.10/site-packages/robot_control-0.0.1-py3.10.egg-info
[1.097s] running install_scripts
[1.230s] Installing goal_send script to /home/trsa2024/ros2_lab2/install/robot_control/lib/robot_control
[1.231s] writing list of installed files to '/home/trsa2024/ros2_lab2/build/robot_control/install.log'
[1.259s] Invoked command in '/home/trsa2024/ros2_lab2/src/robot_control' returned '0': PYTHONPATH=/home/trsa2024/ros2_lab2/build/robot_control/prefix_override:/home/trsa2024/ros2_lab2/install/robot_control/lib/python3.10/site-packages:${PYTHONPATH} /usr/bin/python3 setup.py egg_info --egg-base ../../build/robot_control build --build-base /home/trsa2024/ros2_lab2/build/robot_control/build install --record /home/trsa2024/ros2_lab2/build/robot_control/install.log --single-version-externally-managed
